<?xml version="1.0" encoding="utf-8"?><testsuites name="pytest tests"><testsuite name="pytest" errors="0" failures="0" skipped="0" tests="9" time="13.847" timestamp="2026-09-22T10:35:12.433145+00:00" hostname="agent-env-ebb5d914-6d3f-4818-8f3a-6df8560cba39"><testcase classname="backend.tests.test_mobile_diabetes_swap.TestDiabetesAuthRequired" name="test_post_plan_requires_auth" time="0.335" /><testcase classname="backend.tests.test_mobile_diabetes_swap.TestDiabetesAuthRequired" name="test_get_plan_requires_auth" time="0.072" /><testcase classname="backend.tests.test_mobile_diabetes_swap.TestDiabetesAuthRequired" name="test_post_swap_requires_auth" time="0.068" /><testcase classname="backend.tests.test_mobile_diabetes_swap.TestSwapWithoutPlan" name="test_swap_returns_404_when_no_plan" time="0.368" /><testcase classname="backend.tests.test_mobile_diabetes_swap.TestGeneratePlan" name="test_plan_shape_and_values" time="9.643" /><testcase classname="backend.tests.test_mobile_diabetes_swap.TestGeneratePlan" name="test_get_plan_returns_same_plan" time="0.073" /><testcase classname="backend.tests.test_mobile_diabetes_swap.TestSwapMeal" name="test_swap_monday_breakfast_replaces_and_persists" time="1.423" /><testcase classname="backend.tests.test_mobile_diabetes_swap.TestSwapMeal" name="test_swap_invalid_day_returns_404" time="0.768" /><testcase classname="backend.tests.test_mobile_diabetes_swap.TestSwapMeal" name="test_swap_invalid_meal_type_returns_404" time="1.024" /></testsuite></testsuites>