<?xml version="1.0" encoding="utf-8"?><testsuites name="pytest tests"><testsuite name="pytest" errors="0" failures="1" skipped="0" tests="12" time="117.772" timestamp="2026-02-05T14:20:45.039862+00:00" hostname="agent-env-7d8d57c0-8c30-4ee0-b4eb-841a1b2923ce"><testcase classname="tests.test_rate_limit_fallback.TestFastImageEndpoint" name="test_fast_image_returns_google_images" time="2.689" /><testcase classname="tests.test_rate_limit_fallback.TestFastImageEndpoint" name="test_fast_image_response_structure" time="7.388" /><testcase classname="tests.test_rate_limit_fallback.TestFastImageEndpoint" name="test_fast_image_ai_fallback_disabled" time="1.696" /><testcase classname="tests.test_rate_limit_fallback.TestFastImageEndpoint" name="test_fast_image_get_endpoint" time="1.308" /><testcase classname="tests.test_rate_limit_fallback.TestRateLimiting" name="test_sequential_requests_succeed" time="9.901" /><testcase classname="tests.test_rate_limit_fallback.TestRateLimiting" name="test_concurrent_requests_handled_gracefully" time="4.008" /><testcase classname="tests.test_rate_limit_fallback.TestFallbackBehavior" name="test_graceful_handling_when_no_images_found" time="3.631" /><testcase classname="tests.test_rate_limit_fallback.TestFallbackBehavior" name="test_endpoint_returns_200_even_with_empty_recipe_name" time="1.913" /><testcase classname="tests.test_rate_limit_fallback.TestImageSourceTypes" name="test_google_images_source" time="30.059"><failure message="requests.exceptions.ReadTimeout: HTTPSConnectionPool(host='mood-based-meals.preview.emergentagent.com', port=443): Read timed out. (read timeout=30)">/root/.venv/lib/python3.11/site-packages/urllib3/connectionpool.py:534: in _make_request
    response = conn.getresponse()
               ^^^^^^^^^^^^^^^^^^
/root/.venv/lib/python3.11/site-packages/urllib3/connection.py:571: in getresponse
    httplib_response = super().getresponse()
                       ^^^^^^^^^^^^^^^^^^^^^
/usr/local/lib/python3.11/http/client.py:1395: in getresponse
    response.begin()
/usr/local/lib/python3.11/http/client.py:325: in begin
    version, status, reason = self._read_status()
                              ^^^^^^^^^^^^^^^^^^^
/usr/local/lib/python3.11/http/client.py:286: in _read_status
    line = str(self.fp.readline(_MAXLINE + 1), "iso-8859-1")
               ^^^^^^^^^^^^^^^^^^^^^^^^^^^^^^
/usr/local/lib/python3.11/socket.py:718: in readinto
    return self._sock.recv_into(b)
           ^^^^^^^^^^^^^^^^^^^^^^^
/usr/local/lib/python3.11/ssl.py:1314: in recv_into
    return self.read(nbytes, buffer)
           ^^^^^^^^^^^^^^^^^^^^^^^^^
/usr/local/lib/python3.11/ssl.py:1166: in read
    return self._sslobj.read(len, buffer)
           ^^^^^^^^^^^^^^^^^^^^^^^^^^^^^^
E   TimeoutError: The read operation timed out

The above exception was the direct cause of the following exception:
/root/.venv/lib/python3.11/site-packages/requests/adapters.py:644: in send
    resp = conn.urlopen(
/root/.venv/lib/python3.11/site-packages/urllib3/connectionpool.py:841: in urlopen
    retries = retries.increment(
/root/.venv/lib/python3.11/site-packages/urllib3/util/retry.py:490: in increment
    raise reraise(type(error), error, _stacktrace)
          ^^^^^^^^^^^^^^^^^^^^^^^^^^^^^^^^^^^^^^^^
/root/.venv/lib/python3.11/site-packages/urllib3/util/util.py:39: in reraise
    raise value
/root/.venv/lib/python3.11/site-packages/urllib3/connectionpool.py:787: in urlopen
    response = self._make_request(
/root/.venv/lib/python3.11/site-packages/urllib3/connectionpool.py:536: in _make_request
    self._raise_timeout(err=e, url=url, timeout_value=read_timeout)
/root/.venv/lib/python3.11/site-packages/urllib3/connectionpool.py:367: in _raise_timeout
    raise ReadTimeoutError(
E   urllib3.exceptions.ReadTimeoutError: HTTPSConnectionPool(host='mood-based-meals.preview.emergentagent.com', port=443): Read timed out. (read timeout=30)

During handling of the above exception, another exception occurred:
tests/test_rate_limit_fallback.py:202: in test_google_images_source
    response = requests.post(
/root/.venv/lib/python3.11/site-packages/requests/api.py:115: in post
    return request("post", url, data=data, json=json, **kwargs)
           ^^^^^^^^^^^^^^^^^^^^^^^^^^^^^^^^^^^^^^^^^^^^^^^^^^^^
/root/.venv/lib/python3.11/site-packages/requests/api.py:59: in request
    return session.request(method=method, url=url, **kwargs)
           ^^^^^^^^^^^^^^^^^^^^^^^^^^^^^^^^^^^^^^^^^^^^^^^^^
/root/.venv/lib/python3.11/site-packages/requests/sessions.py:589: in request
    resp = self.send(prep, **send_kwargs)
           ^^^^^^^^^^^^^^^^^^^^^^^^^^^^^^
/root/.venv/lib/python3.11/site-packages/requests/sessions.py:703: in send
    r = adapter.send(request, **kwargs)
        ^^^^^^^^^^^^^^^^^^^^^^^^^^^^^^^
/root/.venv/lib/python3.11/site-packages/requests/adapters.py:690: in send
    raise ReadTimeout(e, request=request)
E   requests.exceptions.ReadTimeout: HTTPSConnectionPool(host='mood-based-meals.preview.emergentagent.com', port=443): Read timed out. (read timeout=30)</failure></testcase><testcase classname="tests.test_rate_limit_fallback.TestImageSourceTypes" name="test_ai_fallback_for_unusual_dishes" time="9.771" /><testcase classname="tests.test_rate_limit_fallback.TestBatchImageLoading" name="test_load_7_meal_images" time="23.397" /><testcase classname="tests.test_rate_limit_fallback.TestImageGenerationEndpoint" name="test_generate_endpoint_returns_ai_image" time="21.784" /></testsuite></testsuites>