<?xml version="1.0" encoding="utf-8"?><testsuites name="pytest tests"><testsuite name="pytest" errors="0" failures="0" skipped="0" tests="13" time="12.995" timestamp="2026-02-11T16:54:09.927960+00:00" hostname="agent-env-8866c13d-3ef7-4dd6-91d6-dbe5d755c9ef"><testcase classname="backend.tests.test_image_search_fix.TestImageSearchFix" name="test_health_check" time="0.073" /><testcase classname="backend.tests.test_image_search_fix.TestImageSearchFix" name="test_spicy_prawn_curry_image_fast" time="0.169" /><testcase classname="backend.tests.test_image_search_fix.TestImageSearchFix" name="test_chicken_biryani_image_fast" time="1.126" /><testcase classname="backend.tests.test_image_search_fix.TestImageSearchFix" name="test_prawn_korma_image_fast" time="1.438" /><testcase classname="backend.tests.test_image_search_fix.TestImageSearchFix" name="test_chicken_tikka_masala_image" time="1.125" /><testcase classname="backend.tests.test_image_search_fix.TestImageSearchFix" name="test_shrimp_stir_fry_image" time="1.166" /><testcase classname="backend.tests.test_image_search_fix.TestImageSearchFix" name="test_vegetable_curry_image" time="1.193" /><testcase classname="backend.tests.test_image_search_fix.TestImageSearchFix" name="test_batch_image_endpoint" time="2.156" /><testcase classname="backend.tests.test_image_search_fix.TestImageSearchFix" name="test_grilled_salmon_no_dish_type" time="1.141" /><testcase classname="backend.tests.test_image_search_fix.TestImageSearchEdgeCases" name="test_creative_recipe_name" time="0.504" /><testcase classname="backend.tests.test_image_search_fix.TestImageSearchEdgeCases" name="test_plural_prawns_curry" time="1.185" /><testcase classname="backend.tests.test_image_search_fix.TestImageSearchEdgeCases" name="test_lamb_rogan_josh" time="1.181" /><testcase classname="backend.tests.test_image_search_fix.TestImageSearchEdgeCases" name="test_empty_recipe_name" time="0.482" /></testsuite></testsuites>