<?xml version="1.0" encoding="utf-8"?><testsuites name="pytest tests"><testsuite name="pytest" errors="0" failures="4" skipped="0" tests="5" time="1.099" timestamp="2026-02-15T09:43:16.582786+00:00" hostname="agent-env-3347ca94-12fe-4d42-b169-7541dd365604"><testcase classname="backend.tests.test_detailed_recipe_id_fix.TestDetailedRecipeIdFix" name="test_detailed_recipe_saves_with_id" time="0.566"><failure message="AssertionError: Expected 200, got 401: {&quot;detail&quot;:&quot;Invalid token&quot;}&#10;assert 401 == 200&#10; +  where 401 = &lt;Response [401]&gt;.status_code">backend/tests/test_detailed_recipe_id_fix.py:47: in test_detailed_recipe_saves_with_id
    assert response.status_code == 200, f"Expected 200, got {response.status_code}: {response.text}"
E   AssertionError: Expected 200, got 401: {"detail":"Invalid token"}
E   assert 401 == 200
E    +  where 401 = &lt;Response [401]&gt;.status_code</failure></testcase><testcase classname="backend.tests.test_detailed_recipe_id_fix.TestDetailedRecipeIdFix" name="test_ai_chef_finds_newly_created_recipe" time="0.101"><failure message="AssertionError: Failed to create detailed recipe: {&quot;detail&quot;:&quot;Invalid token&quot;}&#10;assert 401 == 200&#10; +  where 401 = &lt;Response [401]&gt;.status_code">backend/tests/test_detailed_recipe_id_fix.py:69: in test_ai_chef_finds_newly_created_recipe
    assert create_response.status_code == 200, f"Failed to create detailed recipe: {create_response.text}"
E   AssertionError: Failed to create detailed recipe: {"detail":"Invalid token"}
E   assert 401 == 200
E    +  where 401 = &lt;Response [401]&gt;.status_code</failure></testcase><testcase classname="backend.tests.test_detailed_recipe_id_fix.TestDetailedRecipeIdFix" name="test_complete_flow_chat_recipe_to_ai_chef" time="0.107"><failure message="AssertionError: Detailed recipe failed: {&quot;detail&quot;:&quot;Invalid token&quot;}&#10;assert 401 == 200&#10; +  where 401 = &lt;Response [401]&gt;.status_code">backend/tests/test_detailed_recipe_id_fix.py:98: in test_complete_flow_chat_recipe_to_ai_chef
    assert detailed_response.status_code == 200, f"Detailed recipe failed: {detailed_response.text}"
E   AssertionError: Detailed recipe failed: {"detail":"Invalid token"}
E   assert 401 == 200
E    +  where 401 = &lt;Response [401]&gt;.status_code</failure></testcase><testcase classname="backend.tests.test_detailed_recipe_id_fix.TestDetailedRecipeIdFix" name="test_detailed_recipe_without_id_still_works" time="0.134"><failure message="AssertionError: Detailed recipe without ID failed: {&quot;detail&quot;:&quot;Invalid token&quot;}&#10;assert 401 == 200&#10; +  where 401 = &lt;Response [401]&gt;.status_code">backend/tests/test_detailed_recipe_id_fix.py:133: in test_detailed_recipe_without_id_still_works
    assert response.status_code == 200, f"Detailed recipe without ID failed: {response.text}"
E   AssertionError: Detailed recipe without ID failed: {"detail":"Invalid token"}
E   assert 401 == 200
E    +  where 401 = &lt;Response [401]&gt;.status_code</failure></testcase><testcase classname="backend.tests.test_detailed_recipe_id_fix.TestDetailedRecipeIdFix" name="test_existing_recipe_in_recipe_library_works" time="0.114" /></testsuite></testsuites>