<?xml version="1.0" encoding="utf-8"?><testsuites name="pytest tests"><testsuite name="pytest" errors="0" failures="0" skipped="0" tests="22" time="1.675" timestamp="2026-02-12T04:16:59.780084+00:00" hostname="agent-env-3e1c4e71-284d-4d17-a896-f1c374565b89"><testcase classname="backend.tests.test_ingredient_guide.TestIngredientGuideSearch" name="test_search_by_name" time="0.177" /><testcase classname="backend.tests.test_ingredient_guide.TestIngredientGuideSearch" name="test_search_by_alternate_name" time="0.080" /><testcase classname="backend.tests.test_ingredient_guide.TestIngredientGuideSearch" name="test_search_no_results" time="0.078" /><testcase classname="backend.tests.test_ingredient_guide.TestIngredientGuideByName" name="test_get_by_exact_name" time="0.077" /><testcase classname="backend.tests.test_ingredient_guide.TestIngredientGuideByName" name="test_get_by_normalized_name" time="0.076" /><testcase classname="backend.tests.test_ingredient_guide.TestIngredientGuideByName" name="test_get_by_name_with_quantity" time="0.082" /><testcase classname="backend.tests.test_ingredient_guide.TestIngredientGuideByName" name="test_get_by_alternate_name" time="0.055" /><testcase classname="backend.tests.test_ingredient_guide.TestIngredientGuideByName" name="test_get_not_found" time="0.047" /><testcase classname="backend.tests.test_ingredient_guide.TestIngredientGuideConfusedWith" name="test_cumin_confused_with_black_cumin" time="0.054" /><testcase classname="backend.tests.test_ingredient_guide.TestIngredientGuideConfusedWith" name="test_turmeric_confused_with_curry_powder" time="0.063" /><testcase classname="backend.tests.test_ingredient_guide.TestIngredientGuideSimilarTo" name="test_cumin_similar_to_caraway" time="0.044" /><testcase classname="backend.tests.test_ingredient_guide.TestIngredientGuideSubstitutes" name="test_cumin_has_substitutes" time="0.057" /><testcase classname="backend.tests.test_ingredient_guide.TestIngredientGuideStorage" name="test_ingredient_has_storage_info" time="0.069" /><testcase classname="backend.tests.test_ingredient_guide.TestIngredientGuideFeatured" name="test_get_featured_ingredients" time="0.064" /><testcase classname="backend.tests.test_ingredient_guide.TestIngredientGuideCategories" name="test_get_all_categories" time="0.050" /><testcase classname="backend.tests.test_ingredient_guide.TestIngredientGuideAppearance" name="test_appearance_fields" time="0.071" /><testcase classname="backend.tests.test_ingredient_guide.TestIngredientGuideBeginnerNotes" name="test_beginner_notes_exist" time="0.082" /><testcase classname="backend.tests.test_ingredient_guide.TestIngredientGuideByCategory" name="test_get_spice_whole_category" time="0.065" /><testcase classname="backend.tests.test_ingredient_guide.TestIngredientGuideByCategory" name="test_get_pulse_category" time="0.080" /><testcase classname="backend.tests.test_ingredient_guide.TestIngredientGuideImages" name="test_primary_image_url" time="0.058" /><testcase classname="backend.tests.test_ingredient_guide.TestIngredientGuideImages" name="test_comparison_images" time="0.047" /><testcase classname="backend.tests.test_ingredient_guide.TestIngredientGuidePreparationTips" name="test_preparation_tips_exist" time="0.058" /></testsuite></testsuites>