<?xml version="1.0" encoding="utf-8"?><testsuites name="pytest tests"><testsuite name="pytest" errors="0" failures="7" skipped="0" tests="18" time="4.871" timestamp="2026-02-07T15:23:27.223399+00:00" hostname="agent-env-b10c9d44-a6ba-43ca-a67c-4214b06648e4"><testcase classname="backend.tests.test_feature_gating.TestDiabetesModuleGating" name="test_diabetes_research_blocked_for_free_user" time="0.372"><failure message="AssertionError: Expected 403, got 520&#10;assert 520 == 403&#10; +  where 520 = &lt;Response [520]&gt;.status_code">backend/tests/test_feature_gating.py:77: in test_diabetes_research_blocked_for_free_user
    assert response.status_code == 403, f"Expected 403, got {response.status_code}"
E   AssertionError: Expected 403, got 520
E   assert 520 == 403
E    +  where 520 = &lt;Response [520]&gt;.status_code</failure></testcase><testcase classname="backend.tests.test_feature_gating.TestDiabetesModuleGating" name="test_diabetes_recipes_blocked_for_free_user" time="0.302"><failure message="AssertionError: Expected 403, got 520&#10;assert 520 == 403&#10; +  where 520 = &lt;Response [520]&gt;.status_code">backend/tests/test_feature_gating.py:100: in test_diabetes_recipes_blocked_for_free_user
    assert response.status_code == 403, f"Expected 403, got {response.status_code}"
E   AssertionError: Expected 403, got 520
E   assert 520 == 403
E    +  where 520 = &lt;Response [520]&gt;.status_code</failure></testcase><testcase classname="backend.tests.test_feature_gating.TestDiabetesModuleGating" name="test_diabetes_chat_blocked_for_free_user" time="0.293"><failure message="AssertionError: Expected 403, got 520&#10;assert 520 == 403&#10; +  where 520 = &lt;Response [520]&gt;.status_code">backend/tests/test_feature_gating.py:117: in test_diabetes_chat_blocked_for_free_user
    assert response.status_code == 403, f"Expected 403, got {response.status_code}"
E   AssertionError: Expected 403, got 520
E   assert 520 == 403
E    +  where 520 = &lt;Response [520]&gt;.status_code</failure></testcase><testcase classname="backend.tests.test_feature_gating.TestDiabetesModuleGating" name="test_diabetes_weekly_plan_generate_blocked_for_free_user" time="0.292"><failure message="AssertionError: Expected 403, got 520&#10;assert 520 == 403&#10; +  where 520 = &lt;Response [520]&gt;.status_code">backend/tests/test_feature_gating.py:133: in test_diabetes_weekly_plan_generate_blocked_for_free_user
    assert response.status_code == 403, f"Expected 403, got {response.status_code}"
E   AssertionError: Expected 403, got 520
E   assert 520 == 403
E    +  where 520 = &lt;Response [520]&gt;.status_code</failure></testcase><testcase classname="backend.tests.test_feature_gating.TestRecipeImportGating" name="test_import_url_blocked_for_free_user" time="0.337" /><testcase classname="backend.tests.test_feature_gating.TestRecipeImportGating" name="test_import_image_blocked_for_free_user" time="0.332"><failure message="AssertionError: Expected 403, got 520&#10;assert 520 == 403&#10; +  where 520 = &lt;Response [520]&gt;.status_code">backend/tests/test_feature_gating.py:176: in test_import_image_blocked_for_free_user
    assert response.status_code == 403, f"Expected 403, got {response.status_code}"
E   AssertionError: Expected 403, got 520
E   assert 520 == 403
E    +  where 520 = &lt;Response [520]&gt;.status_code</failure></testcase><testcase classname="backend.tests.test_feature_gating.TestRecipeImportGating" name="test_import_video_blocked_for_free_user" time="0.299" /><testcase classname="backend.tests.test_feature_gating.TestRecipeImportGating" name="test_import_text_blocked_for_free_user" time="0.301" /><testcase classname="backend.tests.test_feature_gating.TestVoiceFeaturesGating" name="test_voice_transcribe_blocked_for_free_user" time="0.333"><failure message="AssertionError: Expected 403, got 520&#10;assert 520 == 403&#10; +  where 520 = &lt;Response [520]&gt;.status_code">backend/tests/test_feature_gating.py:236: in test_voice_transcribe_blocked_for_free_user
    assert response.status_code == 403, f"Expected 403, got {response.status_code}"
E   AssertionError: Expected 403, got 520
E   assert 520 == 403
E    +  where 520 = &lt;Response [520]&gt;.status_code</failure></testcase><testcase classname="backend.tests.test_feature_gating.TestVoiceFeaturesGating" name="test_voice_synthesize_blocked_for_free_user" time="0.304"><failure message="AssertionError: Expected 403, got 520&#10;assert 520 == 403&#10; +  where 520 = &lt;Response [520]&gt;.status_code">backend/tests/test_feature_gating.py:255: in test_voice_synthesize_blocked_for_free_user
    assert response.status_code == 403, f"Expected 403, got {response.status_code}"
E   AssertionError: Expected 403, got 520
E   assert 520 == 403
E    +  where 520 = &lt;Response [520]&gt;.status_code</failure></testcase><testcase classname="backend.tests.test_feature_gating.TestSubscriptionEndpoints" name="test_subscription_current_returns_free_plan" time="0.299" /><testcase classname="backend.tests.test_feature_gating.TestSubscriptionEndpoints" name="test_check_feature_recipe_search_limit" time="0.299" /><testcase classname="backend.tests.test_feature_gating.TestSubscriptionEndpoints" name="test_check_feature_diabetes_module_blocked" time="0.291" /><testcase classname="backend.tests.test_feature_gating.TestSubscriptionEndpoints" name="test_check_feature_premium_recipes_blocked" time="0.295" /><testcase classname="backend.tests.test_feature_gating.TestSubscriptionEndpoints" name="test_check_feature_recipe_import_blocked" time="0.294" /><testcase classname="backend.tests.test_feature_gating.TestRazorpayWebhook" name="test_razorpay_webhook_accepts_post" time="0.037" /><testcase classname="backend.tests.test_feature_gating.TestRazorpayWebhook" name="test_razorpay_config_endpoint" time="0.030" /><testcase classname="backend.tests.test_feature_gating.TestSubscriptionPlans" name="test_get_subscription_plans" time="0.030" /></testsuite></testsuites>