<?xml version="1.0" encoding="utf-8"?><testsuites name="pytest tests"><testsuite name="pytest" errors="0" failures="1" skipped="0" tests="14" time="68.244" timestamp="2026-01-29T04:56:02.042269+00:00" hostname="agent-env-7f7ea5f8-3905-48a1-b89b-fdaf422428ed"><testcase classname="backend.tests.test_import_recipe.TestImportRecipeAuth" name="test_import_text_requires_auth" time="0.384" /><testcase classname="backend.tests.test_import_recipe.TestImportRecipeAuth" name="test_import_url_requires_auth" time="0.299" /><testcase classname="backend.tests.test_import_recipe.TestImportRecipeAuth" name="test_import_video_requires_auth" time="0.304" /><testcase classname="backend.tests.test_import_recipe.TestImportRecipeAuth" name="test_import_recent_requires_auth" time="0.295" /><testcase classname="backend.tests.test_import_recipe.TestImportFromText" name="test_import_text_success" time="18.371" /><testcase classname="backend.tests.test_import_recipe.TestImportFromText" name="test_import_text_too_short" time="0.316" /><testcase classname="backend.tests.test_import_recipe.TestImportFromText" name="test_import_text_empty" time="0.302" /><testcase classname="backend.tests.test_import_recipe.TestImportFromURL" name="test_import_url_invalid_format" time="0.296" /><testcase classname="backend.tests.test_import_recipe.TestImportFromURL" name="test_import_url_success" time="18.024" /><testcase classname="backend.tests.test_import_recipe.TestImportFromVideo" name="test_import_video_youtube_url" time="1.497"><failure message="AssertionError: Recipe should have 'name'&#10;assert 'name' in {'error': 'Unable to parse recipe', 'importDate': '2026-01-29T04:56:42.204730+00:00', 'importMethod': 'video', 'originalSource': 'https://www.youtube.com/watch?v=OCcKTL2VmIY', ...}">backend/tests/test_import_recipe.py:257: in test_import_video_youtube_url
    assert "name" in recipe, "Recipe should have 'name'"
E   AssertionError: Recipe should have 'name'
E   assert 'name' in {'error': 'Unable to parse recipe', 'importDate': '2026-01-29T04:56:42.204730+00:00', 'importMethod': 'video', 'originalSource': 'https://www.youtube.com/watch?v=OCcKTL2VmIY', ...}</failure></testcase><testcase classname="backend.tests.test_import_recipe.TestImportFromVideo" name="test_import_video_youtube_shorts" time="2.057" /><testcase classname="backend.tests.test_import_recipe.TestImportSaveAndRecent" name="test_save_imported_recipe" time="15.163" /><testcase classname="backend.tests.test_import_recipe.TestImportSaveAndRecent" name="test_get_recent_imports" time="0.300" /><testcase classname="backend.tests.test_import_recipe.TestImportRecipeDetailedFormat" name="test_imported_recipe_has_detailed_instructions" time="10.536" /></testsuite></testsuites>