<?xml version="1.0" encoding="utf-8"?><testsuites name="pytest tests"><testsuite name="pytest" errors="0" failures="0" skipped="0" tests="11" time="4.494" timestamp="2026-02-04T16:57:16.035646+00:00" hostname="agent-env-7d8d57c0-8c30-4ee0-b4eb-841a1b2923ce"><testcase classname="backend.tests.test_image_fallback.TestFastImageEndpoint" name="test_google_images_common_dish" time="0.174" /><testcase classname="backend.tests.test_image_fallback.TestFastImageEndpoint" name="test_google_images_with_alternatives" time="0.114" /><testcase classname="backend.tests.test_image_fallback.TestFastImageEndpoint" name="test_ai_fallback_enabled" time="0.166" /><testcase classname="backend.tests.test_image_fallback.TestFastImageEndpoint" name="test_ai_generation_direct" time="0.050" /><testcase classname="backend.tests.test_image_fallback.TestFastImageEndpoint" name="test_response_structure" time="0.134" /><testcase classname="backend.tests.test_image_fallback.TestFastImageEndpoint" name="test_get_endpoint" time="0.128" /><testcase classname="backend.tests.test_image_fallback.TestFastImageEndpoint" name="test_image_service_status" time="0.042" /><testcase classname="backend.tests.test_image_fallback.TestImageLoadingBehavior" name="test_multiple_dishes_batch" time="3.216" /><testcase classname="backend.tests.test_image_fallback.TestImageLoadingBehavior" name="test_timeout_handling" time="0.114" /><testcase classname="backend.tests.test_image_fallback.TestFrontendIntegration" name="test_planner_meal_card_flow" time="0.127" /><testcase classname="backend.tests.test_image_fallback.TestFrontendIntegration" name="test_recipe_card_flow" time="0.161" /></testsuite></testsuites>