<?xml version="1.0" encoding="utf-8"?><testsuites name="pytest tests"><testsuite name="pytest" errors="0" failures="0" skipped="0" tests="11" time="2.255" timestamp="2026-01-27T16:11:51.163274+00:00" hostname="agent-env-4411e046-7d7c-4dfb-b4a5-531faf74d43d"><testcase classname="backend.tests.test_phone_auth_subscription.TestPhoneAuthentication" name="test_send_otp_valid_phone" time="0.065" /><testcase classname="backend.tests.test_phone_auth_subscription.TestPhoneAuthentication" name="test_send_otp_invalid_phone_format" time="0.032" /><testcase classname="backend.tests.test_phone_auth_subscription.TestPhoneAuthentication" name="test_verify_otp_valid_code" time="0.078" /><testcase classname="backend.tests.test_phone_auth_subscription.TestPhoneAuthentication" name="test_verify_otp_invalid_code" time="0.075" /><testcase classname="backend.tests.test_phone_auth_subscription.TestPhoneAuthentication" name="test_phone_auth_creates_new_user" time="0.080" /><testcase classname="backend.tests.test_phone_auth_subscription.TestRecipeSubscription" name="test_subscribe_to_recipes" time="0.306" /><testcase classname="backend.tests.test_phone_auth_subscription.TestRecipeSubscription" name="test_get_subscription_status" time="0.292" /><testcase classname="backend.tests.test_phone_auth_subscription.TestRecipeSubscription" name="test_subscription_requires_auth" time="0.350" /><testcase classname="backend.tests.test_phone_auth_subscription.TestRecipeSubscription" name="test_unsubscribe_from_recipes" time="0.338" /><testcase classname="backend.tests.test_phone_auth_subscription.TestWeeklyPlannerAPI" name="test_get_weekly_plans" time="0.293" /><testcase classname="backend.tests.test_phone_auth_subscription.TestWeeklyPlannerAPI" name="test_create_weekly_plan" time="0.292" /></testsuite></testsuites>