<?xml version="1.0" encoding="utf-8"?><testsuites name="pytest tests"><testsuite name="pytest" errors="0" failures="2" skipped="8" tests="19" time="2.182" timestamp="2026-02-07T12:10:09.236299+00:00" hostname="agent-env-a06ef1ff-5fd1-4871-bb63-59fce127de97"><testcase classname="backend.tests.test_subscription_system.TestSubscriptionPlans" name="test_get_all_subscription_plans" time="0.068" /><testcase classname="backend.tests.test_subscription_system.TestSubscriptionPlans" name="test_free_plan_details" time="0.041" /><testcase classname="backend.tests.test_subscription_system.TestSubscriptionPlans" name="test_premium_monthly_plan_details" time="0.037" /><testcase classname="backend.tests.test_subscription_system.TestSubscriptionPlans" name="test_premium_annual_plan_details" time="0.034" /><testcase classname="backend.tests.test_subscription_system.TestSubscriptionPlans" name="test_chef_pro_monthly_plan_details" time="0.034" /><testcase classname="backend.tests.test_subscription_system.TestSubscriptionPlans" name="test_chef_pro_annual_plan_details" time="0.032" /><testcase classname="backend.tests.test_subscription_system.TestSubscriptionPlans" name="test_family_plan_details" time="0.036" /><testcase classname="backend.tests.test_subscription_system.TestSubscriptionAuth" name="test_get_current_subscription_free_by_default" time="0.582"><skipped type="pytest.skip" message="Could not authenticate test user">/app/backend/tests/test_subscription_system.py:168: Could not authenticate test user</skipped></testcase><testcase classname="backend.tests.test_subscription_system.TestSubscriptionAuth" name="test_get_current_subscription_unauthorized" time="0.036" /><testcase classname="backend.tests.test_subscription_system.TestSubscriptionAuth" name="test_check_feature_recipe_search" time="0.000"><skipped type="pytest.skip" message="Could not authenticate test user">/app/backend/tests/test_subscription_system.py:193: Could not authenticate test user</skipped></testcase><testcase classname="backend.tests.test_subscription_system.TestSubscriptionAuth" name="test_check_feature_premium_recipes" time="0.001"><skipped type="pytest.skip" message="Could not authenticate test user">/app/backend/tests/test_subscription_system.py:211: Could not authenticate test user</skipped></testcase><testcase classname="backend.tests.test_subscription_system.TestSubscriptionAuth" name="test_check_feature_diabetes_module" time="0.000"><skipped type="pytest.skip" message="Could not authenticate test user">/app/backend/tests/test_subscription_system.py:226: Could not authenticate test user</skipped></testcase><testcase classname="backend.tests.test_subscription_system.TestSubscriptionCreation" name="test_create_subscription_premium_monthly" time="0.261"><skipped type="pytest.skip" message="Could not create test user for subscription">/app/backend/tests/test_subscription_system.py:263: Could not create test user for subscription</skipped></testcase><testcase classname="backend.tests.test_subscription_system.TestSubscriptionCreation" name="test_create_subscription_free_plan_rejected" time="0.000"><skipped type="pytest.skip" message="Could not create test user for subscription">/app/backend/tests/test_subscription_system.py:282: Could not create test user for subscription</skipped></testcase><testcase classname="backend.tests.test_subscription_system.TestSubscriptionCreation" name="test_create_subscription_invalid_plan" time="0.000"><skipped type="pytest.skip" message="Could not create test user for subscription">/app/backend/tests/test_subscription_system.py:299: Could not create test user for subscription</skipped></testcase><testcase classname="backend.tests.test_subscription_system.TestSubscriptionCancellation" name="test_cancel_subscription" time="0.258"><skipped type="pytest.skip" message="No token returned">/app/backend/tests/test_subscription_system.py:349: No token returned</skipped></testcase><testcase classname="backend.tests.test_subscription_system.TestSubscriptionCancellation" name="test_cancel_subscription_no_active_subscription" time="0.290"><failure message="assert 401 == 400&#10; +  where 401 = &lt;Response [401]&gt;.status_code">backend/tests/test_subscription_system.py:385: in test_cancel_subscription_no_active_subscription
    assert response.status_code == 400
E   assert 401 == 400
E    +  where 401 = &lt;Response [401]&gt;.status_code</failure></testcase><testcase classname="backend.tests.test_subscription_system.TestTransactions" name="test_get_transactions_empty" time="0.288"><failure message="assert 401 == 200&#10; +  where 401 = &lt;Response [401]&gt;.status_code">backend/tests/test_subscription_system.py:414: in test_get_transactions_empty
    assert response.status_code == 200
E   assert 401 == 200
E    +  where 401 = &lt;Response [401]&gt;.status_code</failure></testcase><testcase classname="backend.tests.test_subscription_system.TestSubscriptionStats" name="test_get_subscription_stats" time="0.051" /></testsuite></testsuites>