<?xml version="1.0" encoding="utf-8"?><testsuites name="pytest tests"><testsuite name="pytest" errors="0" failures="0" skipped="0" tests="10" time="0.594" timestamp="2026-02-12T03:08:04.461341+00:00" hostname="agent-env-8866c13d-3ef7-4dd6-91d6-dbe5d755c9ef"><testcase classname="backend.tests.test_instruction_parsing.TestInstructionParsingBackend" name="test_detailed_recipe_returns_step_format_1" time="0.377" /><testcase classname="backend.tests.test_instruction_parsing.TestInstructionParsingBackend" name="test_detailed_recipe_contains_visual_cues" time="0.044" /><testcase classname="backend.tests.test_instruction_parsing.TestInstructionParsingBackend" name="test_detailed_recipe_contains_audio_cues" time="0.038" /><testcase classname="backend.tests.test_instruction_parsing.TestInstructionParsingBackend" name="test_detailed_recipe_has_step_by_step_section" time="0.040" /><testcase classname="backend.tests.test_instruction_parsing.TestInstructionParsingBackend" name="test_detailed_recipe_steps_have_instruction_text" time="0.037" /><testcase classname="backend.tests.test_instruction_parsing.TestFrontendRegexParsing" name="test_regex_parses_format_1_time_inside_bold" time="0.000" /><testcase classname="backend.tests.test_instruction_parsing.TestFrontendRegexParsing" name="test_regex_parses_format_2_time_outside_bold" time="0.000" /><testcase classname="backend.tests.test_instruction_parsing.TestFrontendRegexParsing" name="test_regex_extracts_visual_cue" time="0.000" /><testcase classname="backend.tests.test_instruction_parsing.TestFrontendRegexParsing" name="test_regex_extracts_audio_cue" time="0.000" /><testcase classname="backend.tests.test_instruction_parsing.TestFrontendRegexParsing" name="test_full_instruction_parsing_simulation" time="0.000" /></testsuite></testsuites>