<?xml version="1.0" encoding="utf-8"?><testsuites name="pytest tests"><testsuite name="pytest" errors="0" failures="0" skipped="0" tests="7" time="17.787" timestamp="2026-09-22T09:01:21.680163+00:00" hostname="agent-env-ebb5d914-6d3f-4818-8f3a-6df8560cba39"><testcase classname="backend.tests.test_ingredients_and_add_to_list.TestQuickRecipesWithIngredients" name="test_generate_tailored_to_ingredients" time="9.672" /><testcase classname="backend.tests.test_ingredients_and_add_to_list.TestQuickRecipesWithIngredients" name="test_generate_without_ingredients_regression" time="6.687" /><testcase classname="backend.tests.test_ingredients_and_add_to_list.TestShoppingListAddToList" name="test_empty_list_initially" time="0.184" /><testcase classname="backend.tests.test_ingredients_and_add_to_list.TestShoppingListAddToList" name="test_post_then_get_persistence" time="0.263" /><testcase classname="backend.tests.test_ingredients_and_add_to_list.TestShoppingListAddToList" name="test_dedupe_merge_case_insensitive" time="0.410" /><testcase classname="backend.tests.test_ingredients_and_add_to_list.TestShoppingListAddToList" name="test_tap_again_no_new_additions" time="0.132" /><testcase classname="backend.tests.test_ingredients_and_add_to_list.TestShoppingListAddToList" name="test_auth_required" time="0.382" /></testsuite></testsuites>