<?xml version="1.0" encoding="utf-8"?><testsuites name="pytest tests"><testsuite name="pytest" errors="0" failures="0" skipped="0" tests="14" time="60.298" timestamp="2026-01-29T14:50:38.100108+00:00" hostname="agent-env-a799dd45-a6ab-4575-8a7f-594f9c318b37"><testcase classname="tests.test_macro_tracking.TestMacroTrackingAndPersistence" name="test_save_meal_preferences_with_macro_targets" time="0.329" /><testcase classname="tests.test_macro_tracking.TestMacroTrackingAndPersistence" name="test_retrieve_meal_preferences_with_macro_targets" time="0.280" /><testcase classname="tests.test_macro_tracking.TestMacroTrackingAndPersistence" name="test_save_preferences_without_macro_targets" time="0.267" /><testcase classname="tests.test_macro_tracking.TestMacroTrackingAndPersistence" name="test_generate_weekly_plan_persists_to_db" time="15.050" /><testcase classname="tests.test_macro_tracking.TestMacroTrackingAndPersistence" name="test_retrieve_weekly_plans" time="13.924" /><testcase classname="tests.test_macro_tracking.TestMacroTrackingAndPersistence" name="test_get_current_week_plan" time="13.869" /><testcase classname="tests.test_macro_tracking.TestMacroTrackingAndPersistence" name="test_save_recipe_subscription" time="0.301" /><testcase classname="tests.test_macro_tracking.TestMacroTrackingAndPersistence" name="test_retrieve_recipe_subscription" time="0.318" /><testcase classname="tests.test_macro_tracking.TestMacroTrackingAndPersistence" name="test_unsubscribe_from_recipes" time="0.382" /><testcase classname="tests.test_macro_tracking.TestMacroTrackingAndPersistence" name="test_macro_targets_passed_to_plan_generation" time="15.015" /><testcase classname="tests.test_macro_tracking.TestMacroTrackingAndPersistence" name="test_partial_macro_targets" time="0.298" /><testcase classname="tests.test_macro_tracking.TestMacroTrackingAuth" name="test_meal_preferences_requires_auth" time="0.093" /><testcase classname="tests.test_macro_tracking.TestMacroTrackingAuth" name="test_weekly_plan_requires_auth" time="0.042" /><testcase classname="tests.test_macro_tracking.TestMacroTrackingAuth" name="test_subscription_requires_auth" time="0.047" /></testsuite></testsuites>