<?xml version="1.0" encoding="utf-8"?><testsuites name="pytest tests"><testsuite name="pytest" errors="0" failures="0" skipped="0" tests="7" time="54.522" timestamp="2026-01-28T13:48:23.227841+00:00" hostname="agent-env-1598f58c-8c67-4eb7-9689-00d1a50c9a3d"><testcase classname="backend.tests.test_drink_pairings.TestAuthentication" name="test_login_success" time="3.623" /><testcase classname="backend.tests.test_drink_pairings.TestAuthentication" name="test_auth_me_with_token" time="0.308" /><testcase classname="backend.tests.test_drink_pairings.TestChatDrinkPairings" name="test_chat_returns_drink_pairings" time="27.829" /><testcase classname="backend.tests.test_drink_pairings.TestDetailedRecipeDrinkPairings" name="test_detailed_recipe_returns_drink_pairings" time="0.363" /><testcase classname="backend.tests.test_drink_pairings.TestDetailedRecipeDrinkPairings" name="test_detailed_recipe_caching" time="22.147" /><testcase classname="backend.tests.test_drink_pairings.TestProtectedEndpoints" name="test_chat_requires_auth" time="0.038" /><testcase classname="backend.tests.test_drink_pairings.TestProtectedEndpoints" name="test_detailed_recipe_requires_auth" time="0.037" /></testsuite></testsuites>