<?xml version="1.0" encoding="utf-8"?><testsuites name="pytest tests"><testsuite name="pytest" errors="0" failures="0" skipped="0" tests="3" time="27.626" timestamp="2026-09-22T05:58:44.367417+00:00" hostname="agent-env-ebb5d914-6d3f-4818-8f3a-6df8560cba39"><testcase classname="backend.tests.test_recipe_image_ai_generate.TestAIGenerateWithIngredients" name="test_first_call_generates_and_second_is_cached" time="9.045" /><testcase classname="backend.tests.test_recipe_image_ai_generate.TestAIGenerateWithoutIngredients" name="test_omitting_ingredients_still_works" time="9.018" /><testcase classname="backend.tests.test_recipe_image_ai_generate.TestCacheKeyStability" name="test_same_title_cuisine_returns_same_url" time="9.511" /></testsuite></testsuites>