<?xml version="1.0" encoding="utf-8"?><testsuites name="pytest tests"><testsuite name="pytest" errors="0" failures="0" skipped="0" tests="5" time="7.650" timestamp="2026-09-22T03:28:08.216253+00:00" hostname="agent-env-ebb5d914-6d3f-4818-8f3a-6df8560cba39"><testcase classname="backend.tests.test_mobile_fridge.TestFridgeAuth" name="test_scan_requires_auth" time="0.252" /><testcase classname="backend.tests.test_mobile_fridge.TestFridgeAuth" name="test_scan_bad_token" time="0.063" /><testcase classname="backend.tests.test_mobile_fridge.TestFridgeContract" name="test_scan_returns_ingredients_and_recipes" time="7.160" /><testcase classname="backend.tests.test_mobile_fridge.TestFridgeContract" name="test_scan_empty_image_400" time="0.062" /><testcase classname="backend.tests.test_mobile_fridge.TestFridgeContract" name="test_scan_invalid_base64" time="0.065" /></testsuite></testsuites>