<?xml version="1.0" encoding="utf-8"?><testsuites name="pytest tests"><testsuite name="pytest" errors="0" failures="1" skipped="0" tests="17" time="106.992" timestamp="2026-01-28T05:01:53.897304+00:00" hostname="agent-env-2474f85c-5365-4f44-8b52-4a8e22326b3a"><testcase classname="backend.tests.test_detailed_recipe.TestDetailedRecipeEndpoint" name="test_detailed_recipe_endpoint_returns_200" time="23.550" /><testcase classname="backend.tests.test_detailed_recipe.TestDetailedRecipeEndpoint" name="test_response_contains_recipe_field" time="27.637" /><testcase classname="backend.tests.test_detailed_recipe.TestDetailedRecipeEndpoint" name="test_response_contains_cached_field" time="32.793" /><testcase classname="backend.tests.test_detailed_recipe.TestDetailedRecipeEndpoint" name="test_recipe_contains_recipe_information_section" time="22.315" /><testcase classname="backend.tests.test_detailed_recipe.TestDetailedRecipeEndpoint" name="test_recipe_contains_description_section" time="0.074" /><testcase classname="backend.tests.test_detailed_recipe.TestDetailedRecipeEndpoint" name="test_recipe_contains_ingredients_section" time="0.039" /><testcase classname="backend.tests.test_detailed_recipe.TestDetailedRecipeEndpoint" name="test_recipe_contains_equipment_section" time="0.041" /><testcase classname="backend.tests.test_detailed_recipe.TestDetailedRecipeEndpoint" name="test_recipe_contains_instructions_with_timing" time="0.044" /><testcase classname="backend.tests.test_detailed_recipe.TestDetailedRecipeEndpoint" name="test_recipe_contains_visual_cues" time="0.040" /><testcase classname="backend.tests.test_detailed_recipe.TestDetailedRecipeEndpoint" name="test_recipe_contains_chefs_tips" time="0.043" /><testcase classname="backend.tests.test_detailed_recipe.TestDetailedRecipeEndpoint" name="test_recipe_contains_nutritional_info" time="0.041" /><testcase classname="backend.tests.test_detailed_recipe.TestDetailedRecipeEndpoint" name="test_recipe_contains_storage_section" time="0.042" /><testcase classname="backend.tests.test_detailed_recipe.TestDetailedRecipeEndpoint" name="test_recipe_contains_variations" time="0.037" /><testcase classname="backend.tests.test_detailed_recipe.TestDetailedRecipeEndpoint" name="test_recipe_contains_common_mistakes" time="0.039" /><testcase classname="backend.tests.test_detailed_recipe.TestDetailedRecipeEndpoint" name="test_caching_returns_cached_true_on_second_request" time="0.080" /><testcase classname="backend.tests.test_detailed_recipe.TestDetailedRecipeEndpoint" name="test_requires_authentication" time="0.036" /><testcase classname="backend.tests.test_detailed_recipe.TestDetailedRecipeEndpoint" name="test_invalid_token_returns_401" time="0.037"><failure message="AssertionError: Invalid token should return 401&#10;assert 520 == 401&#10; +  where 520 = &lt;Response [520]&gt;.status_code">backend/tests/test_detailed_recipe.py:339: in test_invalid_token_returns_401
    assert response.status_code == 401, "Invalid token should return 401"
E   AssertionError: Invalid token should return 401
E   assert 520 == 401
E    +  where 520 = &lt;Response [520]&gt;.status_code</failure></testcase></testsuite></testsuites>