<?xml version="1.0" encoding="utf-8"?><testsuites name="pytest tests"><testsuite name="pytest" errors="0" failures="4" skipped="0" tests="24" time="64.086" timestamp="2026-02-04T16:05:10.825121+00:00" hostname="agent-env-7d8d57c0-8c30-4ee0-b4eb-841a1b2923ce"><testcase classname="backend.tests.test_shopping_features.TestSupportedStores" name="test_supported_stores_returns_list" time="0.081" /><testcase classname="backend.tests.test_shopping_features.TestSupportedStores" name="test_supported_stores_structure" time="0.037" /><testcase classname="backend.tests.test_shopping_features.TestSupportedStores" name="test_supported_stores_contains_expected_stores" time="0.041" /><testcase classname="backend.tests.test_shopping_features.TestStoreFilteredPrices" name="test_price_check_without_filter" time="4.067" /><testcase classname="backend.tests.test_shopping_features.TestStoreFilteredPrices" name="test_price_check_with_store_filter" time="0.110" /><testcase classname="backend.tests.test_shopping_features.TestStoreFilteredPrices" name="test_price_check_returns_cheapest" time="1.673" /><testcase classname="backend.tests.test_shopping_features.TestStoreFilteredPrices" name="test_price_check_response_structure" time="3.968" /><testcase classname="backend.tests.test_shopping_features.TestBatchPrices" name="test_batch_prices_multiple_ingredients" time="3.101" /><testcase classname="backend.tests.test_shopping_features.TestBatchPrices" name="test_batch_prices_returns_per_ingredient_data" time="7.186" /><testcase classname="backend.tests.test_shopping_features.TestBatchPrices" name="test_batch_prices_estimated_total" time="6.200" /><testcase classname="backend.tests.test_shopping_features.TestBatchPrices" name="test_batch_prices_max_ingredients_limit" time="0.061" /><testcase classname="backend.tests.test_shopping_features.TestBuyIngredients" name="test_buy_ingredients_returns_links" time="6.465" /><testcase classname="backend.tests.test_shopping_features.TestBuyIngredients" name="test_buy_links_structure" time="8.594" /><testcase classname="backend.tests.test_shopping_features.TestBuyIngredients" name="test_buy_ingredients_includes_total" time="3.807" /><testcase classname="backend.tests.test_shopping_features.TestShoppingCart" name="test_shopping_cart_single_recipe" time="5.693" /><testcase classname="backend.tests.test_shopping_features.TestShoppingCart" name="test_shopping_cart_multiple_recipes" time="7.400" /><testcase classname="backend.tests.test_shopping_features.TestShoppingCart" name="test_shopping_cart_deduplicates_ingredients" time="2.264" /><testcase classname="backend.tests.test_shopping_features.TestShoppingCart" name="test_shopping_cart_includes_buy_links" time="2.948" /><testcase classname="backend.tests.test_shopping_features.TestShoppingCart" name="test_shopping_cart_max_recipes_limit" time="0.062" /><testcase classname="backend.tests.test_shopping_features.TestAuthRequired" name="test_price_filtered_requires_auth" time="0.037"><failure message="AssertionError: Should require authentication&#10;assert 403 == 401&#10; +  where 403 = &lt;Response [403]&gt;.status_code">backend/tests/test_shopping_features.py:380: in test_price_filtered_requires_auth
    assert response.status_code == 401, "Should require authentication"
E   AssertionError: Should require authentication
E   assert 403 == 401
E    +  where 403 = &lt;Response [403]&gt;.status_code</failure></testcase><testcase classname="backend.tests.test_shopping_features.TestAuthRequired" name="test_batch_prices_requires_auth" time="0.034"><failure message="AssertionError: Should require authentication&#10;assert 403 == 401&#10; +  where 403 = &lt;Response [403]&gt;.status_code">backend/tests/test_shopping_features.py:388: in test_batch_prices_requires_auth
    assert response.status_code == 401, "Should require authentication"
E   AssertionError: Should require authentication
E   assert 403 == 401
E    +  where 403 = &lt;Response [403]&gt;.status_code</failure></testcase><testcase classname="backend.tests.test_shopping_features.TestAuthRequired" name="test_buy_ingredients_requires_auth" time="0.036"><failure message="AssertionError: Should require authentication&#10;assert 403 == 401&#10; +  where 403 = &lt;Response [403]&gt;.status_code">backend/tests/test_shopping_features.py:396: in test_buy_ingredients_requires_auth
    assert response.status_code == 401, "Should require authentication"
E   AssertionError: Should require authentication
E   assert 403 == 401
E    +  where 403 = &lt;Response [403]&gt;.status_code</failure></testcase><testcase classname="backend.tests.test_shopping_features.TestAuthRequired" name="test_shopping_cart_requires_auth" time="0.044"><failure message="AssertionError: Should require authentication&#10;assert 403 == 401&#10; +  where 403 = &lt;Response [403]&gt;.status_code">backend/tests/test_shopping_features.py:404: in test_shopping_cart_requires_auth
    assert response.status_code == 401, "Should require authentication"
E   AssertionError: Should require authentication
E   assert 403 == 401
E    +  where 403 = &lt;Response [403]&gt;.status_code</failure></testcase><testcase classname="backend.tests.test_shopping_features.TestAuthRequired" name="test_supported_stores_no_auth_required" time="0.041" /></testsuite></testsuites>