<?xml version="1.0" encoding="utf-8"?><testsuites name="pytest tests"><testsuite name="pytest" errors="0" failures="4" skipped="0" tests="23" time="8.295" timestamp="2026-02-16T15:32:08.338392+00:00" hostname="agent-env-d7720150-462e-4fc9-8e74-eeb7903f2271"><testcase classname="backend.tests.test_family_whatsapp.TestFamilyWhatsAppIntegration" name="test_get_my_family_returns_200" time="0.686" /><testcase classname="backend.tests.test_family_whatsapp.TestFamilyWhatsAppIntegration" name="test_get_my_family_structure" time="0.251" /><testcase classname="backend.tests.test_family_whatsapp.TestFamilyWhatsAppIntegration" name="test_get_my_family_without_auth" time="0.146"><failure message="AssertionError: Expected 401, got 403&#10;assert 403 == 401&#10; +  where 403 = &lt;Response [403]&gt;.status_code">backend/tests/test_family_whatsapp.py:95: in test_get_my_family_without_auth
    assert response.status_code == 401, f"Expected 401, got {response.status_code}"
E   AssertionError: Expected 401, got 403
E   assert 403 == 401
E    +  where 403 = &lt;Response [403]&gt;.status_code</failure></testcase><testcase classname="backend.tests.test_family_whatsapp.TestFamilyWhatsAppIntegration" name="test_get_whatsapp_settings_returns_200" time="0.206" /><testcase classname="backend.tests.test_family_whatsapp.TestFamilyWhatsAppIntegration" name="test_get_whatsapp_settings_structure" time="0.141" /><testcase classname="backend.tests.test_family_whatsapp.TestFamilyWhatsAppIntegration" name="test_get_whatsapp_settings_without_auth" time="0.165"><failure message="AssertionError: Expected 401, got 403&#10;assert 403 == 401&#10; +  where 403 = &lt;Response [403]&gt;.status_code">backend/tests/test_family_whatsapp.py:131: in test_get_whatsapp_settings_without_auth
    assert response.status_code == 401, f"Expected 401, got {response.status_code}"
E   AssertionError: Expected 401, got 403
E   assert 403 == 401
E    +  where 403 = &lt;Response [403]&gt;.status_code</failure></testcase><testcase classname="backend.tests.test_family_whatsapp.TestFamilyWhatsAppIntegration" name="test_put_whatsapp_settings_returns_200" time="0.352" /><testcase classname="backend.tests.test_family_whatsapp.TestFamilyWhatsAppIntegration" name="test_put_whatsapp_settings_verify_persistence" time="0.555" /><testcase classname="backend.tests.test_family_whatsapp.TestFamilyWhatsAppIntegration" name="test_put_profile_phone_number" time="0.172" /><testcase classname="backend.tests.test_family_whatsapp.TestFamilyWhatsAppIntegration" name="test_put_profile_phone_number_persists" time="0.414" /><testcase classname="backend.tests.test_family_whatsapp.TestFamilyWhatsAppIntegration" name="test_put_profile_phone_appears_in_whatsapp_settings" time="0.234" /><testcase classname="backend.tests.test_family_whatsapp.TestFamilyWhatsAppIntegration" name="test_post_family_create_without_family_plan" time="0.191" /><testcase classname="backend.tests.test_family_whatsapp.TestFamilyWhatsAppIntegration" name="test_post_family_create_without_auth" time="0.169"><failure message="AssertionError: Expected 401, got 403&#10;assert 403 == 401&#10; +  where 403 = &lt;Response [403]&gt;.status_code">backend/tests/test_family_whatsapp.py:282: in test_post_family_create_without_auth
    assert response.status_code == 401, f"Expected 401, got {response.status_code}"
E   AssertionError: Expected 401, got 403
E   assert 403 == 401
E    +  where 403 = &lt;Response [403]&gt;.status_code</failure></testcase><testcase classname="backend.tests.test_family_whatsapp.TestFamilyWhatsAppIntegration" name="test_post_family_join_invalid_code" time="0.123" /><testcase classname="backend.tests.test_family_whatsapp.TestFamilyWhatsAppIntegration" name="test_post_family_join_without_auth" time="0.149"><failure message="AssertionError: Expected 401, got 403&#10;assert 403 == 401&#10; +  where 403 = &lt;Response [403]&gt;.status_code">backend/tests/test_family_whatsapp.py:308: in test_post_family_join_without_auth
    assert response.status_code == 401, f"Expected 401, got {response.status_code}"
E   AssertionError: Expected 401, got 403
E   assert 403 == 401
E    +  where 403 = &lt;Response [403]&gt;.status_code</failure></testcase><testcase classname="backend.tests.test_family_whatsapp.TestFamilyWhatsAppIntegration" name="test_get_active_voting_sessions" time="0.217" /><testcase classname="backend.tests.test_family_whatsapp.TestFamilyWhatsAppIntegration" name="test_demo_user_get_my_family" time="0.501" /><testcase classname="backend.tests.test_family_whatsapp.TestFamilyWhatsAppIntegration" name="test_demo_user_get_whatsapp_settings" time="0.373" /><testcase classname="backend.tests.test_family_whatsapp.TestWhatsAppNotificationSettings" name="test_toggle_all_settings_off" time="0.544" /><testcase classname="backend.tests.test_family_whatsapp.TestWhatsAppNotificationSettings" name="test_toggle_all_settings_on" time="0.633" /><testcase classname="backend.tests.test_family_whatsapp.TestProfilePhoneNumberFormat" name="test_phone_with_country_code" time="0.763" /><testcase classname="backend.tests.test_family_whatsapp.TestProfilePhoneNumberFormat" name="test_phone_international" time="0.562" /><testcase classname="backend.tests.test_family_whatsapp.TestProfilePhoneNumberFormat" name="test_clear_phone_number" time="0.618" /></testsuite></testsuites>