<?xml version="1.0" encoding="utf-8"?><testsuites name="pytest tests"><testsuite name="pytest" errors="0" failures="0" skipped="0" tests="3" time="20.885" timestamp="2026-09-22T04:48:59.689254+00:00" hostname="agent-env-ebb5d914-6d3f-4818-8f3a-6df8560cba39"><testcase classname="backend.tests.test_cook_mode_and_detailed_perf.TestDetailedRecipePerf" name="test_first_call_generates_then_second_returns_cached" time="10.921" /><testcase classname="backend.tests.test_cook_mode_and_detailed_perf.TestDetailedRecipePerf" name="test_detailed_recipe_has_numbered_steps_for_cook_mode" time="9.753" /><testcase classname="backend.tests.test_cook_mode_and_detailed_perf.TestDiscoverImagesAreCDN" name="test_discover_returns_cdn_images" time="0.153" /></testsuite></testsuites>