<?xml version="1.0" encoding="utf-8"?><testsuites name="pytest tests"><testsuite name="pytest" errors="0" failures="0" skipped="0" tests="10" time="1.269" timestamp="2026-02-11T07:03:06.922984+00:00" hostname="agent-env-41f1a8de-760f-46af-8ed5-0bdce0349670"><testcase classname="backend.tests.test_usage_limit.TestUsageLimitSystem" name="test_usage_status_returns_correct_structure" time="0.353" /><testcase classname="backend.tests.test_usage_limit.TestUsageLimitSystem" name="test_free_user_has_correct_limits" time="0.042" /><testcase classname="backend.tests.test_usage_limit.TestUsageLimitSystem" name="test_check_recipes_endpoint" time="0.050" /><testcase classname="backend.tests.test_usage_limit.TestUsageLimitSystem" name="test_check_meal_plans_endpoint" time="0.043" /><testcase classname="backend.tests.test_usage_limit.TestUsageLimitSystem" name="test_recipe_limit_returns_403_when_exhausted" time="0.081" /><testcase classname="backend.tests.test_usage_limit.TestUsageLimitSystem" name="test_reset_time_is_valid" time="0.042" /><testcase classname="backend.tests.test_usage_limit.TestUsageLimitSystem" name="test_usage_counters_are_consistent" time="0.078" /><testcase classname="backend.tests.test_usage_limit.TestUsageLimitSystem" name="test_unauthenticated_returns_error" time="0.113" /><testcase classname="backend.tests.test_usage_limit.TestUsageLimitSystem" name="test_403_error_message_is_user_friendly" time="0.079" /><testcase classname="backend.tests.test_usage_limit.TestUsageLimitReset" name="test_usage_resets_on_new_day" time="0.304" /></testsuite></testsuites>