<?xml version="1.0" encoding="utf-8"?><testsuites name="pytest tests"><testsuite name="pytest" errors="0" failures="0" skipped="0" tests="24" time="11.336" timestamp="2026-02-04T16:12:50.732873+00:00" hostname="agent-env-7d8d57c0-8c30-4ee0-b4eb-841a1b2923ce"><testcase classname="backend.tests.test_shopping_features.TestSupportedStores" name="test_supported_stores_returns_list" time="7.836" /><testcase classname="backend.tests.test_shopping_features.TestSupportedStores" name="test_supported_stores_structure" time="0.058" /><testcase classname="backend.tests.test_shopping_features.TestSupportedStores" name="test_supported_stores_contains_expected_stores" time="0.045" /><testcase classname="backend.tests.test_shopping_features.TestStoreFilteredPrices" name="test_price_check_without_filter" time="0.383" /><testcase classname="backend.tests.test_shopping_features.TestStoreFilteredPrices" name="test_price_check_with_store_filter" time="0.114" /><testcase classname="backend.tests.test_shopping_features.TestStoreFilteredPrices" name="test_price_check_returns_cheapest" time="0.114" /><testcase classname="backend.tests.test_shopping_features.TestStoreFilteredPrices" name="test_price_check_response_structure" time="0.134" /><testcase classname="backend.tests.test_shopping_features.TestBatchPrices" name="test_batch_prices_multiple_ingredients" time="0.178" /><testcase classname="backend.tests.test_shopping_features.TestBatchPrices" name="test_batch_prices_returns_per_ingredient_data" time="0.131" /><testcase classname="backend.tests.test_shopping_features.TestBatchPrices" name="test_batch_prices_estimated_total" time="0.185" /><testcase classname="backend.tests.test_shopping_features.TestBatchPrices" name="test_batch_prices_max_ingredients_limit" time="0.081" /><testcase classname="backend.tests.test_shopping_features.TestBuyIngredients" name="test_buy_ingredients_returns_links" time="0.212" /><testcase classname="backend.tests.test_shopping_features.TestBuyIngredients" name="test_buy_links_structure" time="0.131" /><testcase classname="backend.tests.test_shopping_features.TestBuyIngredients" name="test_buy_ingredients_includes_total" time="0.162" /><testcase classname="backend.tests.test_shopping_features.TestShoppingCart" name="test_shopping_cart_single_recipe" time="0.160" /><testcase classname="backend.tests.test_shopping_features.TestShoppingCart" name="test_shopping_cart_multiple_recipes" time="0.802" /><testcase classname="backend.tests.test_shopping_features.TestShoppingCart" name="test_shopping_cart_deduplicates_ingredients" time="0.167" /><testcase classname="backend.tests.test_shopping_features.TestShoppingCart" name="test_shopping_cart_includes_buy_links" time="0.152" /><testcase classname="backend.tests.test_shopping_features.TestShoppingCart" name="test_shopping_cart_max_recipes_limit" time="0.039" /><testcase classname="backend.tests.test_shopping_features.TestAuthRequired" name="test_price_filtered_requires_auth" time="0.037" /><testcase classname="backend.tests.test_shopping_features.TestAuthRequired" name="test_batch_prices_requires_auth" time="0.036" /><testcase classname="backend.tests.test_shopping_features.TestAuthRequired" name="test_buy_ingredients_requires_auth" time="0.036" /><testcase classname="backend.tests.test_shopping_features.TestAuthRequired" name="test_shopping_cart_requires_auth" time="0.033" /><testcase classname="backend.tests.test_shopping_features.TestAuthRequired" name="test_supported_stores_no_auth_required" time="0.041" /></testsuite></testsuites>