<?xml version="1.0" encoding="utf-8"?><testsuites name="pytest tests"><testsuite name="pytest" errors="0" failures="0" skipped="0" tests="10" time="84.983" timestamp="2026-01-28T06:25:28.940526+00:00" hostname="agent-env-2474f85c-5365-4f44-8b52-4a8e22326b3a"><testcase classname="backend.tests.test_dietary_preferences.TestDietaryPreferences" name="test_vegetarian_meal_plan" time="10.816" /><testcase classname="backend.tests.test_dietary_preferences.TestDietaryPreferences" name="test_vegan_meal_plan" time="9.046" /><testcase classname="backend.tests.test_dietary_preferences.TestDietaryPreferences" name="test_non_vegetarian_meal_plan" time="9.895" /><testcase classname="backend.tests.test_dietary_preferences.TestDietaryPreferences" name="test_pescatarian_meal_plan" time="9.760" /><testcase classname="backend.tests.test_dietary_preferences.TestDietaryPreferences" name="test_eggetarian_meal_plan" time="8.516" /><testcase classname="backend.tests.test_dietary_preferences.TestDietaryPreferences" name="test_default_dietary_preference" time="8.095" /><testcase classname="backend.tests.test_dietary_preferences.TestDietaryPreferences" name="test_dietary_preference_required_validation" time="11.070" /><testcase classname="backend.tests.test_dietary_preferences.TestDietaryPreferences" name="test_invalid_dietary_preference" time="7.632" /><testcase classname="backend.tests.test_dietary_preferences.TestDietaryPreferences" name="test_meal_plan_structure" time="10.036" /><testcase classname="backend.tests.test_dietary_preferences.TestDietaryPreferences" name="test_unauthorized_access" time="0.058" /></testsuite></testsuites>