<?xml version="1.0" encoding="utf-8"?><testsuites name="pytest tests"><testsuite name="pytest" errors="0" failures="11" skipped="0" tests="14" time="4.298" timestamp="2026-01-29T14:50:16.049514+00:00" hostname="agent-env-a799dd45-a6ab-4575-8a7f-594f9c318b37"><testcase classname="tests.test_macro_tracking.TestMacroTrackingAndPersistence" name="test_save_meal_preferences_with_macro_targets" time="0.347"><failure message="AssertionError: Expected 200, got 401: {&quot;detail&quot;:&quot;Invalid token&quot;}&#10;assert 401 == 200&#10; +  where 401 = &lt;Response [401]&gt;.status_code">tests/test_macro_tracking.py:66: in test_save_meal_preferences_with_macro_targets
    assert response.status_code == 200, f"Expected 200, got {response.status_code}: {response.text}"
E   AssertionError: Expected 200, got 401: {"detail":"Invalid token"}
E   assert 401 == 200
E    +  where 401 = &lt;Response [401]&gt;.status_code</failure></testcase><testcase classname="tests.test_macro_tracking.TestMacroTrackingAndPersistence" name="test_retrieve_meal_preferences_with_macro_targets" time="0.278"><failure message="assert 401 == 200&#10; +  where 401 = &lt;Response [401]&gt;.status_code">tests/test_macro_tracking.py:102: in test_retrieve_meal_preferences_with_macro_targets
    assert save_response.status_code == 200
E   assert 401 == 200
E    +  where 401 = &lt;Response [401]&gt;.status_code</failure></testcase><testcase classname="tests.test_macro_tracking.TestMacroTrackingAndPersistence" name="test_save_preferences_without_macro_targets" time="0.414"><failure message="assert 401 == 200&#10; +  where 401 = &lt;Response [401]&gt;.status_code">tests/test_macro_tracking.py:137: in test_save_preferences_without_macro_targets
    assert response.status_code == 200
E   assert 401 == 200
E    +  where 401 = &lt;Response [401]&gt;.status_code</failure></testcase><testcase classname="tests.test_macro_tracking.TestMacroTrackingAndPersistence" name="test_generate_weekly_plan_persists_to_db" time="0.364"><failure message="AssertionError: Expected 200, got 401: {&quot;detail&quot;:&quot;Invalid token&quot;}&#10;assert 401 == 200&#10; +  where 401 = &lt;Response [401]&gt;.status_code">tests/test_macro_tracking.py:164: in test_generate_weekly_plan_persists_to_db
    assert response.status_code == 200, f"Expected 200, got {response.status_code}: {response.text}"
E   AssertionError: Expected 200, got 401: {"detail":"Invalid token"}
E   assert 401 == 200
E    +  where 401 = &lt;Response [401]&gt;.status_code</failure></testcase><testcase classname="tests.test_macro_tracking.TestMacroTrackingAndPersistence" name="test_retrieve_weekly_plans" time="0.436"><failure message="assert 401 == 200&#10; +  where 401 = &lt;Response [401]&gt;.status_code">tests/test_macro_tracking.py:198: in test_retrieve_weekly_plans
    assert gen_response.status_code == 200
E   assert 401 == 200
E    +  where 401 = &lt;Response [401]&gt;.status_code</failure></testcase><testcase classname="tests.test_macro_tracking.TestMacroTrackingAndPersistence" name="test_get_current_week_plan" time="0.402"><failure message="assert 401 == 200&#10; +  where 401 = &lt;Response [401]&gt;.status_code">tests/test_macro_tracking.py:228: in test_get_current_week_plan
    assert gen_response.status_code == 200
E   assert 401 == 200
E    +  where 401 = &lt;Response [401]&gt;.status_code</failure></testcase><testcase classname="tests.test_macro_tracking.TestMacroTrackingAndPersistence" name="test_save_recipe_subscription" time="0.377"><failure message="AssertionError: Expected 200, got 401: {&quot;detail&quot;:&quot;Invalid token&quot;}&#10;assert 401 == 200&#10; +  where 401 = &lt;Response [401]&gt;.status_code">tests/test_macro_tracking.py:258: in test_save_recipe_subscription
    assert response.status_code == 200, f"Expected 200, got {response.status_code}: {response.text}"
E   AssertionError: Expected 200, got 401: {"detail":"Invalid token"}
E   assert 401 == 200
E    +  where 401 = &lt;Response [401]&gt;.status_code</failure></testcase><testcase classname="tests.test_macro_tracking.TestMacroTrackingAndPersistence" name="test_retrieve_recipe_subscription" time="0.494"><failure message="AssertionError: Expected 200, got 401&#10;assert 401 == 200&#10; +  where 401 = &lt;Response [401]&gt;.status_code">tests/test_macro_tracking.py:279: in test_retrieve_recipe_subscription
    assert response.status_code == 200, f"Expected 200, got {response.status_code}"
E   AssertionError: Expected 200, got 401
E   assert 401 == 200
E    +  where 401 = &lt;Response [401]&gt;.status_code</failure></testcase><testcase classname="tests.test_macro_tracking.TestMacroTrackingAndPersistence" name="test_unsubscribe_from_recipes" time="0.283"><failure message="KeyError: 'subscribed'">tests/test_macro_tracking.py:308: in test_unsubscribe_from_recipes
    assert get_response.json()["subscribed"] == True
           ^^^^^^^^^^^^^^^^^^^^^^^^^^^^^^^^^
E   KeyError: 'subscribed'</failure></testcase><testcase classname="tests.test_macro_tracking.TestMacroTrackingAndPersistence" name="test_macro_targets_passed_to_plan_generation" time="0.268"><failure message="AssertionError: Expected 200, got 401: {&quot;detail&quot;:&quot;Invalid token&quot;}&#10;assert 401 == 200&#10; +  where 401 = &lt;Response [401]&gt;.status_code">tests/test_macro_tracking.py:340: in test_macro_targets_passed_to_plan_generation
    assert response.status_code == 200, f"Expected 200, got {response.status_code}: {response.text}"
E   AssertionError: Expected 200, got 401: {"detail":"Invalid token"}
E   assert 401 == 200
E    +  where 401 = &lt;Response [401]&gt;.status_code</failure></testcase><testcase classname="tests.test_macro_tracking.TestMacroTrackingAndPersistence" name="test_partial_macro_targets" time="0.273"><failure message="assert 401 == 200&#10; +  where 401 = &lt;Response [401]&gt;.status_code">tests/test_macro_tracking.py:372: in test_partial_macro_targets
    assert response.status_code == 200
E   assert 401 == 200
E    +  where 401 = &lt;Response [401]&gt;.status_code</failure></testcase><testcase classname="tests.test_macro_tracking.TestMacroTrackingAuth" name="test_meal_preferences_requires_auth" time="0.046" /><testcase classname="tests.test_macro_tracking.TestMacroTrackingAuth" name="test_weekly_plan_requires_auth" time="0.046" /><testcase classname="tests.test_macro_tracking.TestMacroTrackingAuth" name="test_subscription_requires_auth" time="0.037" /></testsuite></testsuites>