<?xml version="1.0" encoding="utf-8"?><testsuites name="pytest tests"><testsuite name="pytest" errors="0" failures="0" skipped="0" tests="15" time="14.856" timestamp="2026-09-22T11:53:07.102275+00:00" hostname="agent-env-ebb5d914-6d3f-4818-8f3a-6df8560cba39"><testcase classname="backend.tests.test_security_fixes.TestC1AdminGate" name="test_admin_endpoints_reject_without_header" time="0.836" /><testcase classname="backend.tests.test_security_fixes.TestC1AdminGate" name="test_admin_endpoints_accept_with_correct_header" time="0.369" /><testcase classname="backend.tests.test_security_fixes.TestC1AdminGate" name="test_admin_rejects_wrong_key" time="0.071" /><testcase classname="backend.tests.test_security_fixes.TestH1OtpNoLeak" name="test_successful_send_has_no_demo_otp" time="0.292" /><testcase classname="backend.tests.test_security_fixes.TestM3OtpRateLimit" name="test_rate_limit_returns_429_after_5" time="2.117" /><testcase classname="backend.tests.test_security_fixes.TestH2RegisterPushAuth" name="test_no_token_rejected" time="0.070" /><testcase classname="backend.tests.test_security_fixes.TestH2RegisterPushAuth" name="test_with_token_not_401_for_auth" time="0.123" /><testcase classname="backend.tests.test_security_fixes.TestM2ImageAuth" name="test_ai_generate_requires_auth" time="0.072" /><testcase classname="backend.tests.test_security_fixes.TestC3RazorpayVerify" name="test_no_token_rejected" time="0.074" /><testcase classname="backend.tests.test_security_fixes.TestC3RazorpayVerify" name="test_with_token_bogus_order_fails" time="0.070" /><testcase classname="backend.tests.test_security_fixes.TestL1EmailNormalization" name="test_login_with_different_case" time="0.604" /><testcase classname="backend.tests.test_security_fixes.TestL1EmailNormalization" name="test_duplicate_registration_different_case_rejected" time="0.368" /><testcase classname="backend.tests.test_security_fixes.TestRegressionAuth" name="test_register_login_me" time="0.678" /><testcase classname="backend.tests.test_security_fixes.TestRegressionDiabetes" name="test_plan_and_swap" time="8.802" /><testcase classname="backend.tests.test_security_fixes.TestRegressionPlans" name="test_plans_public" time="0.249" /></testsuite></testsuites>