<?xml version="1.0" encoding="utf-8"?><testsuites name="pytest tests"><testsuite name="pytest" errors="0" failures="0" skipped="0" tests="5" time="11.550" timestamp="2026-09-22T08:45:55.198639+00:00" hostname="agent-env-ebb5d914-6d3f-4818-8f3a-6df8560cba39"><testcase classname="backend.tests.test_quick_recipes.TestAuth" name="test_unauthenticated_returns_403" time="0.240" /><testcase classname="backend.tests.test_quick_recipes.TestValidation" name="test_count_too_high_returns_400" time="0.518" /><testcase classname="backend.tests.test_quick_recipes.TestValidation" name="test_count_zero_returns_400" time="0.123" /><testcase classname="backend.tests.test_quick_recipes.TestQuickRecipeGeneration" name="test_generates_3_valid_10min_recipes" time="5.824" /><testcase classname="backend.tests.test_quick_recipes.TestQuickRecipeGeneration" name="test_generates_with_defaults_only" time="4.787" /></testsuite></testsuites>