<?xml version="1.0" encoding="utf-8"?><testsuites name="pytest tests"><testsuite name="pytest" errors="0" failures="0" skipped="0" tests="17" time="5.709" timestamp="2026-02-14T03:06:35.932171+00:00" hostname="agent-env-ae16b4be-9192-41b2-88b9-99f5e2c6b051"><testcase classname="backend.tests.test_entitlement_hotfix_v2.TestScenario1NewSignupFreePlan" name="test_new_user_registration_defaults_to_free" time="0.595" /><testcase classname="backend.tests.test_entitlement_hotfix_v2.TestScenario2DemoSubscriptionSourceMarker" name="test_demo_subscription_has_source_demo" time="0.474" /><testcase classname="backend.tests.test_entitlement_hotfix_v2.TestScenario3EntitlementGuardBlocksDemo" name="test_entitlement_guard_returns_free_for_demo" time="0.713" /><testcase classname="backend.tests.test_entitlement_hotfix_v2.TestScenario4FailedPaymentUserRemainsFree" name="test_user_without_payment_remains_free" time="0.737" /><testcase classname="backend.tests.test_entitlement_hotfix_v2.TestScenario5RealPaymentRetainsPremium" name="test_valid_sources_for_premium_documented" time="0.111" /><testcase classname="backend.tests.test_entitlement_hotfix_v2.TestScenario6WebhookReplayProtection" name="test_invalid_webhook_event_rejected" time="0.517" /><testcase classname="backend.tests.test_entitlement_hotfix_v2.TestScenario6WebhookReplayProtection" name="test_valid_event_types_documented" time="0.000" /><testcase classname="backend.tests.test_entitlement_hotfix_v2.TestScenario7AdminIntegrityCheck" name="test_admin_integrity_check_endpoint" time="0.120" /><testcase classname="backend.tests.test_entitlement_hotfix_v2.TestScenario8AdminFixEndpoint" name="test_admin_fix_dry_run_true" time="0.114" /><testcase classname="backend.tests.test_entitlement_hotfix_v2.TestScenario8AdminFixEndpoint" name="test_admin_fix_dry_run_false" time="0.115" /><testcase classname="backend.tests.test_entitlement_hotfix_v2.TestScenario9CronSyncProtection" name="test_signup_protection_documented" time="0.000" /><testcase classname="backend.tests.test_entitlement_hotfix_v2.TestScenario9CronSyncProtection" name="test_cron_source_not_in_valid_premium_sources" time="0.704" /><testcase classname="backend.tests.test_entitlement_hotfix_v2.TestEntitlementGuardUnit" name="test_subscription_without_payment_blocked" time="0.589" /><testcase classname="backend.tests.test_entitlement_hotfix_v2.TestEntitlementGuardUnit" name="test_free_plan_always_valid" time="0.467" /><testcase classname="backend.tests.test_entitlement_hotfix_v2.TestAPIEndpointsHealth" name="test_plans_endpoint_accessible" time="0.122" /><testcase classname="backend.tests.test_entitlement_hotfix_v2.TestAPIEndpointsHealth" name="test_razorpay_config_endpoint" time="0.133" /><testcase classname="backend.tests.test_entitlement_hotfix_v2.TestAPIEndpointsHealth" name="test_stats_endpoint_accessible" time="0.106" /></testsuite></testsuites>