<?xml version="1.0" encoding="utf-8"?><testsuites name="pytest tests"><testsuite name="pytest" errors="0" failures="0" skipped="0" tests="33" time="3.204" timestamp="2026-02-11T15:18:06.587904+00:00" hostname="agent-env-4bdcf30b-cd01-4c49-bb3c-4195e128b0ba"><testcase classname="backend.tests.test_multiple_shopping_lists.TestGetAllLists" name="test_get_lists_requires_auth" time="0.105" /><testcase classname="backend.tests.test_multiple_shopping_lists.TestGetAllLists" name="test_get_lists_returns_list_array" time="0.329" /><testcase classname="backend.tests.test_multiple_shopping_lists.TestGetAllLists" name="test_get_lists_contains_required_fields" time="0.090" /><testcase classname="backend.tests.test_multiple_shopping_lists.TestCreateList" name="test_create_list_requires_auth" time="0.078" /><testcase classname="backend.tests.test_multiple_shopping_lists.TestCreateList" name="test_create_list_success" time="0.041" /><testcase classname="backend.tests.test_multiple_shopping_lists.TestCreateList" name="test_create_list_with_ingredients" time="0.040" /><testcase classname="backend.tests.test_multiple_shopping_lists.TestCreateList" name="test_create_multiple_lists" time="0.126" /><testcase classname="backend.tests.test_multiple_shopping_lists.TestGetListById" name="test_get_list_by_id_requires_auth" time="0.035" /><testcase classname="backend.tests.test_multiple_shopping_lists.TestGetListById" name="test_get_list_by_id_success" time="0.082" /><testcase classname="backend.tests.test_multiple_shopping_lists.TestGetListById" name="test_get_list_not_found" time="0.040" /><testcase classname="backend.tests.test_multiple_shopping_lists.TestRenameList" name="test_rename_list_requires_auth" time="0.034" /><testcase classname="backend.tests.test_multiple_shopping_lists.TestRenameList" name="test_rename_list_success" time="0.119" /><testcase classname="backend.tests.test_multiple_shopping_lists.TestRenameList" name="test_rename_list_not_found" time="0.041" /><testcase classname="backend.tests.test_multiple_shopping_lists.TestDeleteList" name="test_delete_list_requires_auth" time="0.038" /><testcase classname="backend.tests.test_multiple_shopping_lists.TestDeleteList" name="test_delete_list_success" time="0.114" /><testcase classname="backend.tests.test_multiple_shopping_lists.TestDeleteList" name="test_delete_list_not_found" time="0.044" /><testcase classname="backend.tests.test_multiple_shopping_lists.TestClearList" name="test_clear_list_requires_auth" time="0.047" /><testcase classname="backend.tests.test_multiple_shopping_lists.TestClearList" name="test_clear_list_success" time="0.114" /><testcase classname="backend.tests.test_multiple_shopping_lists.TestClearList" name="test_clear_list_not_found" time="0.044" /><testcase classname="backend.tests.test_multiple_shopping_lists.TestAddItemsToList" name="test_add_items_requires_auth" time="0.039" /><testcase classname="backend.tests.test_multiple_shopping_lists.TestAddItemsToList" name="test_add_items_success" time="0.152" /><testcase classname="backend.tests.test_multiple_shopping_lists.TestAddItemsToList" name="test_add_items_no_duplicates" time="0.111" /><testcase classname="backend.tests.test_multiple_shopping_lists.TestAddItemsToList" name="test_add_items_requires_ingredients" time="0.117" /><testcase classname="backend.tests.test_multiple_shopping_lists.TestAddItemsToList" name="test_add_items_list_not_found" time="0.038" /><testcase classname="backend.tests.test_multiple_shopping_lists.TestRemoveItemFromList" name="test_remove_item_requires_auth" time="0.032" /><testcase classname="backend.tests.test_multiple_shopping_lists.TestRemoveItemFromList" name="test_remove_item_success" time="0.115" /><testcase classname="backend.tests.test_multiple_shopping_lists.TestRemoveItemFromList" name="test_remove_item_url_encoded" time="0.079" /><testcase classname="backend.tests.test_multiple_shopping_lists.TestRemoveItemFromList" name="test_remove_item_list_not_found" time="0.037" /><testcase classname="backend.tests.test_multiple_shopping_lists.TestToggleItemChecked" name="test_toggle_item_requires_auth" time="0.035" /><testcase classname="backend.tests.test_multiple_shopping_lists.TestToggleItemChecked" name="test_toggle_item_checked_true" time="0.116" /><testcase classname="backend.tests.test_multiple_shopping_lists.TestToggleItemChecked" name="test_toggle_item_checked_false" time="0.113" /><testcase classname="backend.tests.test_multiple_shopping_lists.TestToggleItemChecked" name="test_toggle_item_not_found" time="0.079" /><testcase classname="backend.tests.test_multiple_shopping_lists.TestEndToEndWorkflow" name="test_complete_shopping_list_workflow" time="0.473" /></testsuite></testsuites>