<?xml version="1.0" encoding="utf-8"?><testsuites name="pytest tests"><testsuite name="pytest" errors="0" failures="0" skipped="0" tests="11" time="5.933" timestamp="2026-02-07T07:17:40.430874+00:00" hostname="agent-env-9f2ff5e4-7e98-4b7a-a230-fa7cf6932b12"><testcase classname="backend.tests.test_hybrid_recipes.TestHybridRecipeEndpoint" name="test_hybrid_endpoint_returns_recipes_with_source_type" time="0.404" /><testcase classname="backend.tests.test_hybrid_recipes.TestHybridRecipeEndpoint" name="test_serpapi_recipes_have_required_fields" time="0.474" /><testcase classname="backend.tests.test_hybrid_recipes.TestHybridRecipeEndpoint" name="test_ai_recipes_have_source_type_ai" time="0.495" /><testcase classname="backend.tests.test_hybrid_recipes.TestHybridRecipeEndpoint" name="test_serpapi_and_ai_recipes_separated" time="0.498" /><testcase classname="backend.tests.test_hybrid_recipes.TestHybridRecipeEndpoint" name="test_indian_cuisine_hybrid_recipes" time="0.497" /><testcase classname="backend.tests.test_hybrid_recipes.TestHybridRecipeEndpoint" name="test_italian_cuisine_hybrid_recipes" time="0.498" /><testcase classname="backend.tests.test_hybrid_recipes.TestHybridRecipeEndpoint" name="test_thai_cuisine_hybrid_recipes" time="0.511" /><testcase classname="backend.tests.test_hybrid_recipes.TestHybridRecipeEndpoint" name="test_session_id_generated" time="0.487" /><testcase classname="backend.tests.test_hybrid_recipes.TestHybridRecipeEndpoint" name="test_timestamp_included" time="0.506" /><testcase classname="backend.tests.test_hybrid_recipes.TestHybridRecipeDataValidation" name="test_recipe_titles_are_proper_names" time="1.026" /><testcase classname="backend.tests.test_hybrid_recipes.TestHybridRecipeDataValidation" name="test_serpapi_recipes_have_valid_links" time="0.483" /></testsuite></testsuites>