<?xml version="1.0" encoding="utf-8"?><testsuites name="pytest tests"><testsuite name="pytest" errors="0" failures="2" skipped="0" tests="20" time="4.603" timestamp="2026-02-07T15:52:18.443844+00:00" hostname="agent-env-b10c9d44-a6ba-43ca-a67c-4214b06648e4"><testcase classname="backend.tests.test_subscription_management.TestSubscriptionManagement" name="test_billing_history_endpoint_exists" time="0.316" /><testcase classname="backend.tests.test_subscription_management.TestSubscriptionManagement" name="test_billing_history_returns_transactions" time="0.268" /><testcase classname="backend.tests.test_subscription_management.TestSubscriptionManagement" name="test_billing_history_with_limit" time="0.267" /><testcase classname="backend.tests.test_subscription_management.TestSubscriptionManagement" name="test_billing_history_requires_auth" time="0.328" /><testcase classname="backend.tests.test_subscription_management.TestSubscriptionManagement" name="test_cancel_subscription_endpoint_exists" time="0.302" /><testcase classname="backend.tests.test_subscription_management.TestSubscriptionManagement" name="test_cancel_subscription_with_period_end" time="0.303" /><testcase classname="backend.tests.test_subscription_management.TestSubscriptionManagement" name="test_cancel_subscription_immediate" time="0.306" /><testcase classname="backend.tests.test_subscription_management.TestSubscriptionManagement" name="test_cancel_subscription_requires_auth" time="0.292" /><testcase classname="backend.tests.test_subscription_management.TestSubscriptionManagement" name="test_reactivate_subscription_endpoint_exists" time="0.266"><failure message="AssertionError: Reactivate endpoint not found: {&quot;detail&quot;:&quot;No subscription pending cancellation found&quot;}&#10;assert 404 != 404&#10; +  where 404 = &lt;Response [404]&gt;.status_code">backend/tests/test_subscription_management.py:178: in test_reactivate_subscription_endpoint_exists
    assert response.status_code != 404, f"Reactivate endpoint not found: {response.text}"
E   AssertionError: Reactivate endpoint not found: {"detail":"No subscription pending cancellation found"}
E   assert 404 != 404
E    +  where 404 = &lt;Response [404]&gt;.status_code</failure></testcase><testcase classname="backend.tests.test_subscription_management.TestSubscriptionManagement" name="test_reactivate_requires_auth" time="0.299" /><testcase classname="backend.tests.test_subscription_management.TestSubscriptionManagement" name="test_current_subscription_includes_usage" time="0.261" /><testcase classname="backend.tests.test_subscription_management.TestSubscriptionManagement" name="test_current_subscription_for_free_user" time="0.266" /><testcase classname="backend.tests.test_subscription_management.TestSubscriptionPages" name="test_subscription_page_route" time="0.034" /><testcase classname="backend.tests.test_subscription_management.TestSubscriptionPages" name="test_checkout_success_page_route" time="0.043" /><testcase classname="backend.tests.test_subscription_management.TestSubscriptionPages" name="test_checkout_failure_page_route" time="0.035" /><testcase classname="backend.tests.test_subscription_management.TestSubscriptionPages" name="test_checkout_success_with_params" time="0.032" /><testcase classname="backend.tests.test_subscription_management.TestSubscriptionPages" name="test_checkout_failure_with_params" time="0.036" /><testcase classname="backend.tests.test_subscription_management.TestSubscriptionWithPaidPlan" name="test_cancel_paid_subscription" time="0.289" /><testcase classname="backend.tests.test_subscription_management.TestSubscriptionWithPaidPlan" name="test_reactivate_after_cancel" time="0.279"><failure message="AssertionError: Failed to reactivate: {&quot;detail&quot;:&quot;No subscription pending cancellation found&quot;}&#10;assert 404 == 200&#10; +  where 404 = &lt;Response [404]&gt;.status_code">backend/tests/test_subscription_management.py:359: in test_reactivate_after_cancel
    assert reactivate_resp.status_code == 200, f"Failed to reactivate: {reactivate_resp.text}"
E   AssertionError: Failed to reactivate: {"detail":"No subscription pending cancellation found"}
E   assert 404 == 200
E    +  where 404 = &lt;Response [404]&gt;.status_code</failure></testcase><testcase classname="backend.tests.test_subscription_management.TestSubscriptionWithPaidPlan" name="test_billing_history_after_subscription" time="0.277" /></testsuite></testsuites>