<?xml version="1.0" encoding="utf-8"?><testsuites name="pytest tests"><testsuite name="pytest" errors="0" failures="0" skipped="0" tests="23" time="8.299" timestamp="2026-02-16T15:32:34.440350+00:00" hostname="agent-env-d7720150-462e-4fc9-8e74-eeb7903f2271"><testcase classname="backend.tests.test_family_whatsapp.TestFamilyWhatsAppIntegration" name="test_get_my_family_returns_200" time="0.662" /><testcase classname="backend.tests.test_family_whatsapp.TestFamilyWhatsAppIntegration" name="test_get_my_family_structure" time="0.265" /><testcase classname="backend.tests.test_family_whatsapp.TestFamilyWhatsAppIntegration" name="test_get_my_family_without_auth" time="0.237" /><testcase classname="backend.tests.test_family_whatsapp.TestFamilyWhatsAppIntegration" name="test_get_whatsapp_settings_returns_200" time="0.198" /><testcase classname="backend.tests.test_family_whatsapp.TestFamilyWhatsAppIntegration" name="test_get_whatsapp_settings_structure" time="0.120" /><testcase classname="backend.tests.test_family_whatsapp.TestFamilyWhatsAppIntegration" name="test_get_whatsapp_settings_without_auth" time="0.133" /><testcase classname="backend.tests.test_family_whatsapp.TestFamilyWhatsAppIntegration" name="test_put_whatsapp_settings_returns_200" time="0.317" /><testcase classname="backend.tests.test_family_whatsapp.TestFamilyWhatsAppIntegration" name="test_put_whatsapp_settings_verify_persistence" time="0.478" /><testcase classname="backend.tests.test_family_whatsapp.TestFamilyWhatsAppIntegration" name="test_put_profile_phone_number" time="0.195" /><testcase classname="backend.tests.test_family_whatsapp.TestFamilyWhatsAppIntegration" name="test_put_profile_phone_number_persists" time="0.260" /><testcase classname="backend.tests.test_family_whatsapp.TestFamilyWhatsAppIntegration" name="test_put_profile_phone_appears_in_whatsapp_settings" time="0.188" /><testcase classname="backend.tests.test_family_whatsapp.TestFamilyWhatsAppIntegration" name="test_post_family_create_without_family_plan" time="0.252" /><testcase classname="backend.tests.test_family_whatsapp.TestFamilyWhatsAppIntegration" name="test_post_family_create_without_auth" time="0.258" /><testcase classname="backend.tests.test_family_whatsapp.TestFamilyWhatsAppIntegration" name="test_post_family_join_invalid_code" time="0.142" /><testcase classname="backend.tests.test_family_whatsapp.TestFamilyWhatsAppIntegration" name="test_post_family_join_without_auth" time="0.276" /><testcase classname="backend.tests.test_family_whatsapp.TestFamilyWhatsAppIntegration" name="test_get_active_voting_sessions" time="0.357" /><testcase classname="backend.tests.test_family_whatsapp.TestFamilyWhatsAppIntegration" name="test_demo_user_get_my_family" time="0.593" /><testcase classname="backend.tests.test_family_whatsapp.TestFamilyWhatsAppIntegration" name="test_demo_user_get_whatsapp_settings" time="0.176" /><testcase classname="backend.tests.test_family_whatsapp.TestWhatsAppNotificationSettings" name="test_toggle_all_settings_off" time="0.553" /><testcase classname="backend.tests.test_family_whatsapp.TestWhatsAppNotificationSettings" name="test_toggle_all_settings_on" time="0.776" /><testcase classname="backend.tests.test_family_whatsapp.TestProfilePhoneNumberFormat" name="test_phone_with_country_code" time="0.628" /><testcase classname="backend.tests.test_family_whatsapp.TestProfilePhoneNumberFormat" name="test_phone_international" time="0.558" /><testcase classname="backend.tests.test_family_whatsapp.TestProfilePhoneNumberFormat" name="test_clear_phone_number" time="0.578" /></testsuite></testsuites>