<?xml version="1.0" encoding="utf-8"?><testsuites name="pytest tests"><testsuite name="pytest" errors="0" failures="0" skipped="0" tests="8" time="75.570" timestamp="2026-01-28T08:10:14.823256+00:00" hostname="agent-env-2474f85c-5365-4f44-8b52-4a8e22326b3a"><testcase classname="backend.tests.test_calorie_target.TestCalorieTargetFeature" name="test_generate_plan_with_calorie_target_1500" time="10.900" /><testcase classname="backend.tests.test_calorie_target.TestCalorieTargetFeature" name="test_generate_plan_with_calorie_target_2000" time="8.513" /><testcase classname="backend.tests.test_calorie_target.TestCalorieTargetFeature" name="test_generate_plan_with_calorie_target_2500" time="13.093" /><testcase classname="backend.tests.test_calorie_target.TestCalorieTargetFeature" name="test_generate_plan_with_calorie_target_3000" time="10.292" /><testcase classname="backend.tests.test_calorie_target.TestCalorieTargetFeature" name="test_generate_plan_without_calorie_target" time="10.714" /><testcase classname="backend.tests.test_calorie_target.TestCalorieTargetFeature" name="test_generate_plan_with_null_calorie_target" time="10.371" /><testcase classname="backend.tests.test_calorie_target.TestCalorieTargetFeature" name="test_generate_plan_with_custom_calorie_target" time="11.538" /><testcase classname="backend.tests.test_calorie_target.TestCalorieTargetFeature" name="test_endpoint_requires_authentication" time="0.073" /></testsuite></testsuites>