<?xml version="1.0" encoding="utf-8"?><testsuites name="pytest tests"><testsuite name="pytest" errors="0" failures="0" skipped="0" tests="5" time="20.494" timestamp="2026-09-22T04:21:32.699083+00:00" hostname="agent-env-ebb5d914-6d3f-4818-8f3a-6df8560cba39"><testcase classname="backend.tests.test_planner_and_phone_otp.TestWeeklyPlanReplacement" name="test_regenerate_replaces_week_plan" time="14.636" /><testcase classname="backend.tests.test_planner_and_phone_otp.TestMultiSelectAndDayPrefs" name="test_generate_accepts_array_and_day_specific" time="5.082" /><testcase classname="backend.tests.test_planner_and_phone_otp.TestPhoneOtp" name="test_send_otp_returns_demo_otp_and_verify_succeeds" time="0.406" /><testcase classname="backend.tests.test_planner_and_phone_otp.TestPhoneOtp" name="test_send_otp_rejects_bad_format" time="0.058" /><testcase classname="backend.tests.test_planner_and_phone_otp.TestPhoneOtp" name="test_verify_otp_wrong_code" time="0.249" /></testsuite></testsuites>