<?xml version="1.0" encoding="utf-8"?><testsuites name="pytest tests"><testsuite name="pytest" errors="0" failures="0" skipped="0" tests="11" time="272.551" timestamp="2026-01-29T10:02:09.996778+00:00" hostname="agent-env-71d21897-6c4a-4200-8ac2-1e6ac5846dda"><testcase classname="backend.tests.test_food_exclusion_system.TestFoodExclusionSystem" name="test_01_user_registration_login" time="0.322" /><testcase classname="backend.tests.test_food_exclusion_system.TestFoodExclusionSystem" name="test_02_get_current_user" time="0.041" /><testcase classname="backend.tests.test_food_exclusion_system.TestFoodExclusionSystem" name="test_03_save_exclusions" time="0.044" /><testcase classname="backend.tests.test_food_exclusion_system.TestFoodExclusionSystem" name="test_04_get_exclusions" time="0.077" /><testcase classname="backend.tests.test_food_exclusion_system.TestFoodExclusionSystem" name="test_05_chat_recipe_generation_filters_excluded" time="46.779" /><testcase classname="backend.tests.test_food_exclusion_system.TestFoodExclusionSystem" name="test_06_chat_returns_safe_proteins" time="34.199" /><testcase classname="backend.tests.test_food_exclusion_system.TestFoodExclusionSystem" name="test_07_prawn_alias_blocked_when_shrimp_excluded" time="51.004" /><testcase classname="backend.tests.test_food_exclusion_system.TestFoodExclusionSystem" name="test_08_diabetes_recipes_filter_excluded" time="24.588" /><testcase classname="backend.tests.test_food_exclusion_system.TestFoodExclusionSystem" name="test_09_diabetes_returns_safe_proteins" time="22.943" /><testcase classname="backend.tests.test_food_exclusion_system.TestFoodExclusionSystem" name="test_10_word_boundary_no_false_positives" time="37.814" /><testcase classname="backend.tests.test_food_exclusion_system.TestFoodExclusionSystem" name="test_11_specific_dish_names_blocked" time="54.676" /></testsuite></testsuites>