<?xml version="1.0" encoding="utf-8"?><testsuites name="pytest tests"><testsuite name="pytest" errors="0" failures="2" skipped="0" tests="7" time="10.061" timestamp="2026-02-15T08:25:54.442093+00:00" hostname="agent-env-3347ca94-12fe-4d42-b169-7541dd365604"><testcase classname="backend.tests.test_ai_chef_error_handling.TestAIChefRecipeEndpoint" name="test_invalid_recipe_id_returns_404" time="0.509" /><testcase classname="backend.tests.test_ai_chef_error_handling.TestAIChefRecipeEndpoint" name="test_random_uuid_returns_404" time="0.402" /><testcase classname="backend.tests.test_ai_chef_error_handling.TestAIChefRecipeEndpoint" name="test_empty_recipe_id_returns_error" time="1.018" /><testcase classname="backend.tests.test_ai_chef_error_handling.TestAIChefRecipeEndpoint" name="test_special_characters_in_id_handled" time="0.516" /><testcase classname="backend.tests.test_ai_chef_error_handling.TestAIChefWithValidRecipe" name="test_generate_recipe_and_get_valid_id" time="7.276" /><testcase classname="backend.tests.test_ai_chef_error_handling.TestAIChefNoAuth" name="test_recipe_endpoint_requires_auth" time="0.149"><failure message="AssertionError: Expected 401 Unauthorized, got 403&#10;assert 403 == 401&#10; +  where 403 = &lt;Response [403]&gt;.status_code">backend/tests/test_ai_chef_error_handling.py:152: in test_recipe_endpoint_requires_auth
    assert response.status_code == 401, f"Expected 401 Unauthorized, got {response.status_code}"
E   AssertionError: Expected 401 Unauthorized, got 403
E   assert 403 == 401
E    +  where 403 = &lt;Response [403]&gt;.status_code</failure></testcase><testcase classname="backend.tests.test_ai_chef_error_handling.TestAIChefNoAuth" name="test_chat_endpoint_requires_auth" time="0.109"><failure message="AssertionError: Expected 401 Unauthorized, got 403&#10;assert 403 == 401&#10; +  where 403 = &lt;Response [403]&gt;.status_code">backend/tests/test_ai_chef_error_handling.py:167: in test_chat_endpoint_requires_auth
    assert response.status_code == 401, f"Expected 401 Unauthorized, got {response.status_code}"
E   AssertionError: Expected 401 Unauthorized, got 403
E   assert 403 == 401
E    +  where 403 = &lt;Response [403]&gt;.status_code</failure></testcase></testsuite></testsuites>