<?xml version="1.0" encoding="utf-8"?><testsuites name="pytest tests"><testsuite name="pytest" errors="0" failures="0" skipped="0" tests="8" time="221.099" timestamp="2026-01-27T18:21:17.753334+00:00" hostname="agent-env-2474f85c-5365-4f44-8b52-4a8e22326b3a"><testcase classname="backend.tests.test_recipe_generation_p0.TestRecipeGenerationP0" name="test_recipe_generation_response_time" time="55.898" /><testcase classname="backend.tests.test_recipe_generation_p0.TestRecipeGenerationP0" name="test_recipe_response_contains_prep_cook_markers" time="29.869" /><testcase classname="backend.tests.test_recipe_generation_p0.TestRecipeGenerationP0" name="test_recipe_response_contains_temperatures" time="30.914" /><testcase classname="backend.tests.test_recipe_generation_p0.TestRecipeGenerationP0" name="test_recipe_response_contains_sensory_cues" time="48.334" /><testcase classname="backend.tests.test_recipe_generation_p0.TestRecipeGenerationP0" name="test_multi_step_chat_flow" time="53.200" /><testcase classname="backend.tests.test_recipe_generation_p0.TestRecipeGenerationP0" name="test_chat_endpoint_basic_health" time="2.038" /><testcase classname="backend.tests.test_recipe_generation_p0.TestAuthEndpoints" name="test_register_new_user" time="0.258" /><testcase classname="backend.tests.test_recipe_generation_p0.TestAuthEndpoints" name="test_login_user" time="0.530" /></testsuite></testsuites>