<?xml version="1.0" encoding="utf-8"?><testsuites name="pytest tests"><testsuite name="pytest" errors="0" failures="0" skipped="0" tests="19" time="2.213" timestamp="2026-02-07T12:10:42.366039+00:00" hostname="agent-env-a06ef1ff-5fd1-4871-bb63-59fce127de97"><testcase classname="backend.tests.test_subscription_system.TestSubscriptionPlans" name="test_get_all_subscription_plans" time="0.060" /><testcase classname="backend.tests.test_subscription_system.TestSubscriptionPlans" name="test_free_plan_details" time="0.035" /><testcase classname="backend.tests.test_subscription_system.TestSubscriptionPlans" name="test_premium_monthly_plan_details" time="0.038" /><testcase classname="backend.tests.test_subscription_system.TestSubscriptionPlans" name="test_premium_annual_plan_details" time="0.033" /><testcase classname="backend.tests.test_subscription_system.TestSubscriptionPlans" name="test_chef_pro_monthly_plan_details" time="0.040" /><testcase classname="backend.tests.test_subscription_system.TestSubscriptionPlans" name="test_chef_pro_annual_plan_details" time="0.033" /><testcase classname="backend.tests.test_subscription_system.TestSubscriptionPlans" name="test_family_plan_details" time="0.033" /><testcase classname="backend.tests.test_subscription_system.TestSubscriptionAuth" name="test_get_current_subscription_free_by_default" time="0.329" /><testcase classname="backend.tests.test_subscription_system.TestSubscriptionAuth" name="test_get_current_subscription_unauthorized" time="0.033" /><testcase classname="backend.tests.test_subscription_system.TestSubscriptionAuth" name="test_check_feature_recipe_search" time="0.036" /><testcase classname="backend.tests.test_subscription_system.TestSubscriptionAuth" name="test_check_feature_premium_recipes" time="0.040" /><testcase classname="backend.tests.test_subscription_system.TestSubscriptionAuth" name="test_check_feature_diabetes_module" time="0.032" /><testcase classname="backend.tests.test_subscription_system.TestSubscriptionCreation" name="test_create_subscription_premium_monthly" time="0.311" /><testcase classname="backend.tests.test_subscription_system.TestSubscriptionCreation" name="test_create_subscription_free_plan_rejected" time="0.033" /><testcase classname="backend.tests.test_subscription_system.TestSubscriptionCreation" name="test_create_subscription_invalid_plan" time="0.034" /><testcase classname="backend.tests.test_subscription_system.TestSubscriptionCancellation" name="test_cancel_subscription" time="0.373" /><testcase classname="backend.tests.test_subscription_system.TestSubscriptionCancellation" name="test_cancel_subscription_no_active_subscription" time="0.305" /><testcase classname="backend.tests.test_subscription_system.TestTransactions" name="test_get_transactions_empty" time="0.298" /><testcase classname="backend.tests.test_subscription_system.TestSubscriptionStats" name="test_get_subscription_stats" time="0.034" /></testsuite></testsuites>