<?xml version="1.0" encoding="utf-8"?><testsuites name="pytest tests"><testsuite name="pytest" errors="0" failures="0" skipped="0" tests="11" time="3.692" timestamp="2026-02-13T13:28:48.443460+00:00" hostname="agent-env-34edd5c4-771b-4e24-aebc-410f0027d185"><testcase classname="backend.tests.test_subscription_state_propagation.TestSubscriptionStateAfterCreation" name="test_free_user_subscription_has_free_plan" time="0.664" /><testcase classname="backend.tests.test_subscription_state_propagation.TestSubscriptionStateAfterCreation" name="test_free_user_blocked_from_fridge_scanner" time="0.122" /><testcase classname="backend.tests.test_subscription_state_propagation.TestSubscriptionStateAfterCreation" name="test_free_user_blocked_from_ai_photo_recognition" time="0.135" /><testcase classname="backend.tests.test_subscription_state_propagation.TestSubscriptionStateAfterCreation" name="test_free_user_blocked_from_voice_cooking" time="0.116" /><testcase classname="backend.tests.test_subscription_state_propagation.TestSubscriptionStateAfterCreation" name="test_chef_pro_subscription_created_correctly" time="0.588" /><testcase classname="backend.tests.test_subscription_state_propagation.TestSubscriptionStateAfterCreation" name="test_chef_pro_has_fridge_scanner_access" time="0.119" /><testcase classname="backend.tests.test_subscription_state_propagation.TestSubscriptionStateAfterCreation" name="test_chef_pro_has_ai_photo_recognition_access" time="0.104" /><testcase classname="backend.tests.test_subscription_state_propagation.TestSubscriptionStateAfterCreation" name="test_chef_pro_has_voice_cooking_access" time="0.119" /><testcase classname="backend.tests.test_subscription_state_propagation.TestSubscriptionFeatureGating" name="test_premium_monthly_has_ai_photo_recognition" time="0.558" /><testcase classname="backend.tests.test_subscription_state_propagation.TestSubscriptionFeatureGating" name="test_premium_monthly_has_fridge_scanner" time="0.120" /><testcase classname="backend.tests.test_subscription_state_propagation.TestSubscriptionUpgrade" name="test_upgrade_from_free_to_premium" time="0.971" /></testsuite></testsuites>