<?xml version="1.0" encoding="utf-8"?><testsuites name="pytest tests"><testsuite name="pytest" errors="0" failures="0" skipped="0" tests="7" time="12.880" timestamp="2026-09-22T03:03:29.079124+00:00" hostname="agent-env-ebb5d914-6d3f-4818-8f3a-6df8560cba39"><testcase classname="backend.tests.test_voice_diabetes.TestMobileVoiceTTS" name="test_tts_returns_url_and_audio_file_is_served" time="3.332" /><testcase classname="backend.tests.test_voice_diabetes.TestMobileVoiceTTS" name="test_tts_defaults_voice_when_invalid" time="2.290" /><testcase classname="backend.tests.test_voice_diabetes.TestMobileVoiceTTS" name="test_tts_empty_text_400" time="0.067" /><testcase classname="backend.tests.test_voice_diabetes.TestMobileDiabetes" name="test_plan_requires_auth" time="0.070" /><testcase classname="backend.tests.test_voice_diabetes.TestMobileDiabetes" name="test_get_plan_empty_for_new_user" time="0.370" /><testcase classname="backend.tests.test_voice_diabetes.TestMobileDiabetes" name="test_generate_plan_and_shape" time="6.609" /><testcase classname="backend.tests.test_voice_diabetes.TestMobileDiabetes" name="test_get_plan_returns_saved" time="0.079" /></testsuite></testsuites>