<?xml version="1.0" encoding="utf-8"?><testsuites name="pytest tests"><testsuite name="pytest" errors="0" failures="1" skipped="0" tests="10" time="1.294" timestamp="2026-02-11T07:02:52.943616+00:00" hostname="agent-env-41f1a8de-760f-46af-8ed5-0bdce0349670"><testcase classname="backend.tests.test_usage_limit.TestUsageLimitSystem" name="test_usage_status_returns_correct_structure" time="0.389" /><testcase classname="backend.tests.test_usage_limit.TestUsageLimitSystem" name="test_free_user_has_correct_limits" time="0.039" /><testcase classname="backend.tests.test_usage_limit.TestUsageLimitSystem" name="test_check_recipes_endpoint" time="0.039" /><testcase classname="backend.tests.test_usage_limit.TestUsageLimitSystem" name="test_check_meal_plans_endpoint" time="0.043" /><testcase classname="backend.tests.test_usage_limit.TestUsageLimitSystem" name="test_recipe_limit_returns_403_when_exhausted" time="0.086" /><testcase classname="backend.tests.test_usage_limit.TestUsageLimitSystem" name="test_reset_time_is_valid" time="0.040" /><testcase classname="backend.tests.test_usage_limit.TestUsageLimitSystem" name="test_usage_counters_are_consistent" time="0.084" /><testcase classname="backend.tests.test_usage_limit.TestUsageLimitSystem" name="test_unauthenticated_returns_401" time="0.035"><failure message="AssertionError: /api/usage/status: Expected 401, got 403&#10;assert 403 == 401&#10; +  where 403 = &lt;Response [403]&gt;.status_code">backend/tests/test_usage_limit.py:280: in test_unauthenticated_returns_401
    assert response.status_code == 401, f"{endpoint}: Expected 401, got {response.status_code}"
E   AssertionError: /api/usage/status: Expected 401, got 403
E   assert 403 == 401
E    +  where 403 = &lt;Response [403]&gt;.status_code</failure></testcase><testcase classname="backend.tests.test_usage_limit.TestUsageLimitSystem" name="test_403_error_message_is_user_friendly" time="0.084" /><testcase classname="backend.tests.test_usage_limit.TestUsageLimitReset" name="test_usage_resets_on_new_day" time="0.351" /></testsuite></testsuites>