<?xml version="1.0" encoding="utf-8"?><testsuites name="pytest tests"><testsuite name="pytest" errors="0" failures="0" skipped="0" tests="35" time="19.116" timestamp="2026-02-07T09:32:46.926428+00:00" hostname="agent-env-a06ef1ff-5fd1-4871-bb63-59fce127de97"><testcase classname="backend.tests.test_recipe_library.TestRecipeLibraryStats" name="test_stats_returns_total_recipes" time="0.060" /><testcase classname="backend.tests.test_recipe_library.TestRecipeLibraryStats" name="test_stats_returns_cuisines_breakdown" time="0.040" /><testcase classname="backend.tests.test_recipe_library.TestRecipeLibraryStats" name="test_stats_returns_dietary_breakdown" time="0.039" /><testcase classname="backend.tests.test_recipe_library.TestRecipeLibraryStats" name="test_stats_returns_most_popular" time="0.042" /><testcase classname="backend.tests.test_recipe_library.TestRecipeLibraryBrowse" name="test_browse_returns_recipes" time="0.036" /><testcase classname="backend.tests.test_recipe_library.TestRecipeLibraryBrowse" name="test_browse_filter_by_cuisine" time="0.034" /><testcase classname="backend.tests.test_recipe_library.TestRecipeLibraryBrowse" name="test_browse_filter_by_dietary" time="0.035" /><testcase classname="backend.tests.test_recipe_library.TestRecipeLibraryBrowse" name="test_browse_filter_by_meal_type" time="0.035" /><testcase classname="backend.tests.test_recipe_library.TestRecipeLibraryBrowse" name="test_browse_filter_by_mood" time="0.037" /><testcase classname="backend.tests.test_recipe_library.TestRecipeLibraryBrowse" name="test_browse_multiple_filters" time="0.033" /><testcase classname="backend.tests.test_recipe_library.TestRecipeLibraryBrowse" name="test_browse_limit_parameter" time="0.033" /><testcase classname="backend.tests.test_recipe_library.TestRecipeLibrarySearch" name="test_search_returns_results" time="0.035" /><testcase classname="backend.tests.test_recipe_library.TestRecipeLibrarySearch" name="test_search_with_cuisine_term" time="0.033" /><testcase classname="backend.tests.test_recipe_library.TestRecipeLibrarySearch" name="test_search_with_ingredient_term" time="0.032" /><testcase classname="backend.tests.test_recipe_library.TestRecipeLibrarySearch" name="test_search_minimum_query_length" time="0.074" /><testcase classname="backend.tests.test_recipe_library.TestRecipeLibrarySearch" name="test_search_recipe_structure" time="0.034" /><testcase classname="backend.tests.test_recipe_library.TestRecipeLibraryDiscover" name="test_discover_returns_random_recipes" time="0.034" /><testcase classname="backend.tests.test_recipe_library.TestRecipeLibraryDiscover" name="test_discover_with_cuisine_filter" time="0.036" /><testcase classname="backend.tests.test_recipe_library.TestRecipeLibraryDiscover" name="test_discover_with_dietary_filter" time="0.031" /><testcase classname="backend.tests.test_recipe_library.TestRecipeLibraryDiscover" name="test_discover_limit_parameter" time="0.035" /><testcase classname="backend.tests.test_recipe_library.TestRecipeLibraryDiscover" name="test_discover_randomness" time="0.084" /><testcase classname="backend.tests.test_recipe_library.TestRecipeLibraryCuisines" name="test_cuisines_returns_list" time="0.034" /><testcase classname="backend.tests.test_recipe_library.TestRecipeLibraryCuisines" name="test_cuisines_structure" time="0.033" /><testcase classname="backend.tests.test_recipe_library.TestRecipeSavingViaChatSend" name="test_chat_generates_and_returns_recipes" time="7.277" /><testcase classname="backend.tests.test_recipe_library.TestRecipeSavingViaChatSend" name="test_library_stats_reflect_saved_recipes" time="0.059" /><testcase classname="backend.tests.test_recipe_library.TestRecipeSavingViaDiabetesEndpoint" name="test_diabetes_recipes_endpoint" time="10.367" /><testcase classname="backend.tests.test_recipe_library.TestRecipeByIdEndpoint" name="test_get_recipe_by_id" time="0.084" /><testcase classname="backend.tests.test_recipe_library.TestRecipeByIdEndpoint" name="test_get_nonexistent_recipe" time="0.034" /><testcase classname="backend.tests.test_recipe_library.TestRecipeFilterEndpoint" name="test_filter_endpoint" time="0.031" /><testcase classname="backend.tests.test_recipe_library.TestRecipeFilterEndpoint" name="test_filter_with_exclude_ids" time="0.071" /><testcase classname="backend.tests.test_recipe_library.TestAuthenticationRequired" name="test_stats_requires_auth" time="0.028" /><testcase classname="backend.tests.test_recipe_library.TestAuthenticationRequired" name="test_browse_requires_auth" time="0.030" /><testcase classname="backend.tests.test_recipe_library.TestAuthenticationRequired" name="test_search_requires_auth" time="0.035" /><testcase classname="backend.tests.test_recipe_library.TestAuthenticationRequired" name="test_discover_requires_auth" time="0.032" /><testcase classname="backend.tests.test_recipe_library.TestAuthenticationRequired" name="test_cuisines_requires_auth" time="0.048" /></testsuite></testsuites>