<?xml version="1.0" encoding="utf-8"?><testsuites name="pytest tests"><testsuite name="pytest" errors="0" failures="0" skipped="0" tests="14" time="81.391" timestamp="2026-01-29T15:25:04.858926+00:00" hostname="agent-env-a799dd45-a6ab-4575-8a7f-594f9c318b37"><testcase classname="backend.tests.test_import_recipe.TestImportRecipeAuth" name="test_import_text_requires_auth" time="0.416" /><testcase classname="backend.tests.test_import_recipe.TestImportRecipeAuth" name="test_import_url_requires_auth" time="0.318" /><testcase classname="backend.tests.test_import_recipe.TestImportRecipeAuth" name="test_import_video_requires_auth" time="0.316" /><testcase classname="backend.tests.test_import_recipe.TestImportRecipeAuth" name="test_import_recent_requires_auth" time="0.297" /><testcase classname="backend.tests.test_import_recipe.TestImportFromText" name="test_import_text_success" time="19.356" /><testcase classname="backend.tests.test_import_recipe.TestImportFromText" name="test_import_text_too_short" time="0.324" /><testcase classname="backend.tests.test_import_recipe.TestImportFromText" name="test_import_text_empty" time="0.302" /><testcase classname="backend.tests.test_import_recipe.TestImportFromURL" name="test_import_url_invalid_format" time="0.287" /><testcase classname="backend.tests.test_import_recipe.TestImportFromURL" name="test_import_url_success" time="21.967" /><testcase classname="backend.tests.test_import_recipe.TestImportFromVideo" name="test_import_video_youtube_url" time="3.269" /><testcase classname="backend.tests.test_import_recipe.TestImportFromVideo" name="test_import_video_youtube_shorts" time="4.743" /><testcase classname="backend.tests.test_import_recipe.TestImportSaveAndRecent" name="test_save_imported_recipe" time="14.602" /><testcase classname="backend.tests.test_import_recipe.TestImportSaveAndRecent" name="test_get_recent_imports" time="0.304" /><testcase classname="backend.tests.test_import_recipe.TestImportRecipeDetailedFormat" name="test_imported_recipe_has_detailed_instructions" time="14.739" /></testsuite></testsuites>