<?xml version="1.0" encoding="utf-8"?><testsuites name="pytest tests"><testsuite name="pytest" errors="0" failures="0" skipped="0" tests="9" time="158.501" timestamp="2026-02-01T08:26:28.707254+00:00" hostname="agent-env-95ea04c9-fa46-445b-99f1-e3e8f3df341a"><testcase classname="tests.test_ai_image_generation.TestAIImageGenerationAPI" name="test_image_service_status" time="0.088" /><testcase classname="tests.test_ai_image_generation.TestAIImageGenerationAPI" name="test_generate_recipe_image_basic" time="0.131" /><testcase classname="tests.test_ai_image_generation.TestAIImageGenerationAPI" name="test_generate_image_different_cuisines" time="48.595" /><testcase classname="tests.test_ai_image_generation.TestAIImageGenerationAPI" name="test_image_caching" time="13.671" /><testcase classname="tests.test_ai_image_generation.TestAIImageGenerationAPI" name="test_generate_image_minimal_params" time="15.812" /><testcase classname="tests.test_ai_image_generation.TestAIImageGenerationAPI" name="test_get_cached_image_endpoint" time="15.515" /><testcase classname="tests.test_ai_image_generation.TestAIImageGenerationAPI" name="test_batch_image_generation" time="32.367" /><testcase classname="tests.test_ai_image_generation.TestAIImageGenerationAPI" name="test_invalid_request_handling" time="16.613" /><testcase classname="tests.test_ai_image_generation.TestImageGenerationIntegration" name="test_image_url_format" time="15.595" /></testsuite></testsuites>