<?xml version="1.0" encoding="utf-8"?><testsuites name="pytest tests"><testsuite name="pytest" errors="0" failures="0" skipped="0" tests="20" time="4.482" timestamp="2026-02-07T15:53:15.166100+00:00" hostname="agent-env-b10c9d44-a6ba-43ca-a67c-4214b06648e4"><testcase classname="backend.tests.test_subscription_management.TestSubscriptionManagement" name="test_billing_history_endpoint_exists" time="0.314" /><testcase classname="backend.tests.test_subscription_management.TestSubscriptionManagement" name="test_billing_history_returns_transactions" time="0.268" /><testcase classname="backend.tests.test_subscription_management.TestSubscriptionManagement" name="test_billing_history_with_limit" time="0.262" /><testcase classname="backend.tests.test_subscription_management.TestSubscriptionManagement" name="test_billing_history_requires_auth" time="0.297" /><testcase classname="backend.tests.test_subscription_management.TestSubscriptionManagement" name="test_cancel_subscription_endpoint_exists" time="0.306" /><testcase classname="backend.tests.test_subscription_management.TestSubscriptionManagement" name="test_cancel_subscription_with_period_end" time="0.260" /><testcase classname="backend.tests.test_subscription_management.TestSubscriptionManagement" name="test_cancel_subscription_immediate" time="0.266" /><testcase classname="backend.tests.test_subscription_management.TestSubscriptionManagement" name="test_cancel_subscription_requires_auth" time="0.293" /><testcase classname="backend.tests.test_subscription_management.TestSubscriptionManagement" name="test_reactivate_subscription_endpoint_exists" time="0.265" /><testcase classname="backend.tests.test_subscription_management.TestSubscriptionManagement" name="test_reactivate_requires_auth" time="0.286" /><testcase classname="backend.tests.test_subscription_management.TestSubscriptionManagement" name="test_current_subscription_includes_usage" time="0.260" /><testcase classname="backend.tests.test_subscription_management.TestSubscriptionManagement" name="test_current_subscription_for_free_user" time="0.263" /><testcase classname="backend.tests.test_subscription_management.TestSubscriptionPages" name="test_subscription_page_route" time="0.035" /><testcase classname="backend.tests.test_subscription_management.TestSubscriptionPages" name="test_checkout_success_page_route" time="0.034" /><testcase classname="backend.tests.test_subscription_management.TestSubscriptionPages" name="test_checkout_failure_page_route" time="0.033" /><testcase classname="backend.tests.test_subscription_management.TestSubscriptionPages" name="test_checkout_success_with_params" time="0.036" /><testcase classname="backend.tests.test_subscription_management.TestSubscriptionPages" name="test_checkout_failure_with_params" time="0.031" /><testcase classname="backend.tests.test_subscription_management.TestSubscriptionWithPaidPlan" name="test_cancel_paid_subscription" time="0.279" /><testcase classname="backend.tests.test_subscription_management.TestSubscriptionWithPaidPlan" name="test_reactivate_after_cancel" time="0.287" /><testcase classname="backend.tests.test_subscription_management.TestSubscriptionWithPaidPlan" name="test_billing_history_after_subscription" time="0.325" /></testsuite></testsuites>