<?xml version="1.0" encoding="utf-8"?><testsuites name="pytest tests"><testsuite name="pytest" errors="0" failures="0" skipped="0" tests="11" time="75.404" timestamp="2026-01-28T10:12:50.593155+00:00" hostname="agent-env-2474f85c-5365-4f44-8b52-4a8e22326b3a"><testcase classname="backend.tests.test_continuous_meal_planning.TestContinuousMealPlanning" name="test_save_meal_preferences" time="8.427" /><testcase classname="backend.tests.test_continuous_meal_planning.TestContinuousMealPlanning" name="test_get_meal_preferences" time="14.764" /><testcase classname="backend.tests.test_continuous_meal_planning.TestContinuousMealPlanning" name="test_get_meal_preferences_empty" time="0.559" /><testcase classname="backend.tests.test_continuous_meal_planning.TestContinuousMealPlanning" name="test_save_preferences_with_is_active_false" time="0.315" /><testcase classname="backend.tests.test_continuous_meal_planning.TestContinuousMealPlanning" name="test_generate_next_week_requires_preferences" time="0.596" /><testcase classname="backend.tests.test_continuous_meal_planning.TestContinuousMealPlanning" name="test_generate_next_week_requires_active_preferences" time="0.291" /><testcase classname="backend.tests.test_continuous_meal_planning.TestContinuousMealPlanning" name="test_generate_next_week_success" time="16.615" /><testcase classname="backend.tests.test_continuous_meal_planning.TestContinuousMealPlanning" name="test_generate_next_week_already_exists" time="16.150" /><testcase classname="backend.tests.test_continuous_meal_planning.TestContinuousMealPlanning" name="test_meal_preferences_update" time="7.185" /><testcase classname="backend.tests.test_continuous_meal_planning.TestContinuousMealPlanning" name="test_current_week_plan_endpoint" time="9.947" /><testcase classname="backend.tests.test_continuous_meal_planning.TestContinuousMealPlanning" name="test_authentication_required" time="0.448" /></testsuite></testsuites>