<?xml version="1.0" encoding="utf-8"?><testsuites name="pytest tests"><testsuite name="pytest" errors="0" failures="0" skipped="0" tests="13" time="18.534" timestamp="2026-09-21T14:45:45.435775+00:00" hostname="agent-env-ebb5d914-6d3f-4818-8f3a-6df8560cba39"><testcase classname="backend.tests.test_mobile_port.TestAuth" name="test_health" time="0.249" /><testcase classname="backend.tests.test_mobile_port.TestAuth" name="test_login_success" time="0.664" /><testcase classname="backend.tests.test_mobile_port.TestAuth" name="test_login_invalid" time="0.299" /><testcase classname="backend.tests.test_mobile_port.TestAuth" name="test_me_with_token" time="0.094" /><testcase classname="backend.tests.test_mobile_port.TestAuth" name="test_me_without_token" time="0.094" /><testcase classname="backend.tests.test_mobile_port.TestChat" name="test_send_with_user_preferences" time="9.958" /><testcase classname="backend.tests.test_mobile_port.TestRecipes" name="test_save_recipe" time="0.097" /><testcase classname="backend.tests.test_mobile_port.TestRecipes" name="test_list_saved" time="0.095" /><testcase classname="backend.tests.test_mobile_port.TestWeeklyPlan" name="test_get_current" time="0.088" /><testcase classname="backend.tests.test_mobile_port.TestWeeklyPlan" name="test_generate_plan" time="6.367" /><testcase classname="backend.tests.test_mobile_port.TestShopping" name="test_get_shopping_list" time="0.082" /><testcase classname="backend.tests.test_mobile_port.TestRecipeImage" name="test_generate_and_fetch" time="0.289" /><testcase classname="backend.tests.test_mobile_port.TestAppleAuth" name="test_invalid_identity_token_returns_401" time="0.085" /></testsuite></testsuites>