<?xml version="1.0" encoding="utf-8"?><testsuites name="pytest tests"><testsuite name="pytest" errors="0" failures="0" skipped="0" tests="10" time="1.765" timestamp="2026-09-22T09:13:55.921502+00:00" hostname="agent-env-ebb5d914-6d3f-4818-8f3a-6df8560cba39"><testcase classname="backend.tests.test_google_auth_contract.TestGoogleSessionContract" name="test_invalid_session_id_returns_401" time="0.382" /><testcase classname="backend.tests.test_google_auth_contract.TestGoogleSessionContract" name="test_empty_session_id_returns_401" time="0.060" /><testcase classname="backend.tests.test_google_auth_contract.TestGoogleSessionContract" name="test_missing_session_id_returns_422" time="0.063" /><testcase classname="backend.tests.test_google_auth_contract.TestGoogleSessionContract" name="test_does_not_accept_session_token_field" time="0.063" /><testcase classname="backend.tests.test_google_auth_contract.TestEmailAuthRegression" name="test_register_new_user" time="0.301" /><testcase classname="backend.tests.test_google_auth_contract.TestEmailAuthRegression" name="test_me_after_register" time="0.063" /><testcase classname="backend.tests.test_google_auth_contract.TestEmailAuthRegression" name="test_login_same_creds" time="0.287" /><testcase classname="backend.tests.test_google_auth_contract.TestPhoneAuthRegression" name="test_send_otp" time="0.361" /><testcase classname="backend.tests.test_google_auth_contract.TestPhoneAuthRegression" name="test_verify_otp" time="0.067" /><testcase classname="backend.tests.test_google_auth_contract.TestAppleAuthSanity" name="test_apple_bad_token_401" time="0.062" /></testsuite></testsuites>