<?xml version="1.0" encoding="utf-8"?><testsuites name="pytest tests"><testsuite name="pytest" errors="0" failures="1" skipped="0" tests="11" time="25.325" timestamp="2026-02-04T14:37:01.661309+00:00" hostname="agent-env-7d8d57c0-8c30-4ee0-b4eb-841a1b2923ce"><testcase classname="backend.tests.test_search_features.TestGroceryStoresAPI" name="test_grocery_stores_returns_google_maps_url" time="1.826" /><testcase classname="backend.tests.test_search_features.TestGroceryStoresAPI" name="test_google_maps_url_format" time="4.396" /><testcase classname="backend.tests.test_search_features.TestGroceryStoresAPI" name="test_grocery_stores_with_ingredient_filter" time="1.389" /><testcase classname="backend.tests.test_search_features.TestIngredientPricesAPI" name="test_price_check_india_returns_inr" time="0.375" /><testcase classname="backend.tests.test_search_features.TestIngredientPricesAPI" name="test_price_check_uk_returns_gbp" time="0.112" /><testcase classname="backend.tests.test_search_features.TestIngredientPricesAPI" name="test_price_check_usa_returns_usd" time="3.982" /><testcase classname="backend.tests.test_search_features.TestIngredientPricesAPI" name="test_price_check_default_currency_for_unknown_location" time="0.190"><failure message="assert 520 == 200&#10; +  where 520 = &lt;Response [520]&gt;.status_code">backend/tests/test_search_features.py:183: in test_price_check_default_currency_for_unknown_location
    assert response.status_code == 200
E   assert 520 == 200
E    +  where 520 = &lt;Response [520]&gt;.status_code</failure></testcase><testcase classname="backend.tests.test_search_features.TestIngredientPricesAPI" name="test_price_check_returns_country_code" time="2.224" /><testcase classname="backend.tests.test_search_features.TestIngredientPricesAPI" name="test_price_check_europe_returns_eur" time="3.034" /><testcase classname="backend.tests.test_search_features.TestIngredientPricesAPI" name="test_price_stats_include_currency_symbol_data" time="7.663" /><testcase classname="backend.tests.test_search_features.TestSearchStatusEndpoint" name="test_search_status_returns_features" time="0.054" /></testsuite></testsuites>