<?xml version="1.0" encoding="utf-8"?><testsuites name="pytest tests"><testsuite name="pytest" errors="0" failures="0" skipped="0" tests="12" time="35.877" timestamp="2026-01-28T14:22:53.108173+00:00" hostname="agent-env-1598f58c-8c67-4eb7-9689-00d1a50c9a3d"><testcase classname="backend.tests.test_drink_pairings.TestAuthentication" name="test_login_success" time="0.296" /><testcase classname="backend.tests.test_drink_pairings.TestAuthentication" name="test_auth_me_with_token" time="0.306" /><testcase classname="backend.tests.test_drink_pairings.TestChatDrinkPairings" name="test_chat_returns_drink_pairings" time="33.886" /><testcase classname="backend.tests.test_drink_pairings.TestDetailedRecipeDrinkPairings" name="test_detailed_recipe_returns_drink_pairings" time="0.367" /><testcase classname="backend.tests.test_drink_pairings.TestDetailedRecipeDrinkPairings" name="test_detailed_recipe_caching" time="0.346" /><testcase classname="backend.tests.test_drink_pairings.TestProtectedEndpoints" name="test_chat_requires_auth" time="0.037" /><testcase classname="backend.tests.test_drink_pairings.TestProtectedEndpoints" name="test_detailed_recipe_requires_auth" time="0.036" /><testcase classname="backend.tests.test_cuisine_drink_pairings.TestThaiCuisineDrinkPairings" name="test_thai_detailed_recipe_drink_pairings" time="0.298" /><testcase classname="backend.tests.test_cuisine_drink_pairings.TestItalianCuisineDrinkPairings" name="test_italian_detailed_recipe_drink_pairings" time="0.038" /><testcase classname="backend.tests.test_cuisine_drink_pairings.TestIndianCuisineDrinkPairings" name="test_indian_detailed_recipe_drink_pairings" time="0.043" /><testcase classname="backend.tests.test_cuisine_drink_pairings.TestDrinkPairingsParsing" name="test_drink_pairings_markdown_format" time="0.041" /><testcase classname="backend.tests.test_cuisine_drink_pairings.TestNonGenericDrinkPairings" name="test_no_generic_fallback_drinks" time="0.125" /></testsuite></testsuites>