<?xml version="1.0" encoding="utf-8"?><testsuites name="pytest tests"><testsuite name="pytest" errors="0" failures="0" skipped="0" tests="7" time="7.562" timestamp="2026-02-15T08:26:18.081810+00:00" hostname="agent-env-3347ca94-12fe-4d42-b169-7541dd365604"><testcase classname="backend.tests.test_ai_chef_error_handling.TestAIChefRecipeEndpoint" name="test_invalid_recipe_id_returns_404" time="0.462" /><testcase classname="backend.tests.test_ai_chef_error_handling.TestAIChefRecipeEndpoint" name="test_random_uuid_returns_404" time="0.379" /><testcase classname="backend.tests.test_ai_chef_error_handling.TestAIChefRecipeEndpoint" name="test_empty_recipe_id_returns_error" time="0.395" /><testcase classname="backend.tests.test_ai_chef_error_handling.TestAIChefRecipeEndpoint" name="test_special_characters_in_id_handled" time="0.486" /><testcase classname="backend.tests.test_ai_chef_error_handling.TestAIChefWithValidRecipe" name="test_generate_recipe_and_get_valid_id" time="5.551" /><testcase classname="backend.tests.test_ai_chef_error_handling.TestAIChefNoAuth" name="test_recipe_endpoint_requires_auth" time="0.135" /><testcase classname="backend.tests.test_ai_chef_error_handling.TestAIChefNoAuth" name="test_chat_endpoint_requires_auth" time="0.097" /></testsuite></testsuites>