<?xml version="1.0" encoding="utf-8"?><testsuites name="pytest tests"><testsuite name="pytest" errors="0" failures="0" skipped="0" tests="7" time="52.252" timestamp="2026-02-07T05:35:56.366514+00:00" hostname="agent-env-9f2ff5e4-7e98-4b7a-a230-fa7cf6932b12"><testcase classname="tests.test_structured_recipes.TestStructuredRecipes" name="test_recipe_generation_returns_structured_recipes" time="8.399" /><testcase classname="tests.test_structured_recipes.TestStructuredRecipes" name="test_italian_recipes" time="0.309" /><testcase classname="tests.test_structured_recipes.TestStructuredRecipes" name="test_indian_recipes" time="12.477" /><testcase classname="tests.test_structured_recipes.TestStructuredRecipes" name="test_thai_recipes" time="10.362" /><testcase classname="tests.test_structured_recipes.TestStructuredRecipes" name="test_no_raw_markdown_in_response_text" time="11.102" /><testcase classname="tests.test_structured_recipes.TestStructuredRecipes" name="test_recipe_structure_fields" time="9.548" /><testcase classname="tests.test_structured_recipes.TestHasRecipesFunction" name="test_detect_recipe_patterns" time="0.000" /></testsuite></testsuites>