<?xml version="1.0" encoding="utf-8"?><testsuites name="pytest tests"><testsuite name="pytest" errors="0" failures="1" skipped="0" tests="5" time="8.225" timestamp="2026-02-15T09:59:25.669997+00:00" hostname="agent-env-3347ca94-12fe-4d42-b169-7541dd365604"><testcase classname="backend.tests.test_detailed_recipe_id_fix.TestDetailedRecipeIdFix" name="test_detailed_recipe_saves_with_id" time="0.504" /><testcase classname="backend.tests.test_detailed_recipe_id_fix.TestDetailedRecipeIdFix" name="test_ai_chef_finds_newly_created_recipe" time="3.188" /><testcase classname="backend.tests.test_detailed_recipe_id_fix.TestDetailedRecipeIdFix" name="test_complete_flow_chat_recipe_to_ai_chef" time="4.211"><failure message="AssertionError: AI Chef chat failed: {&quot;detail&quot;:[{&quot;type&quot;:&quot;missing&quot;,&quot;loc&quot;:[&quot;body&quot;,&quot;recipe_context&quot;],&quot;msg&quot;:&quot;Field required&quot;,&quot;input&quot;:{&quot;recipe_id&quot;:&quot;chat-recipe-726243a7&quot;,&quot;message&quot;:&quot;How do I prepare the curry paste?&quot;},&quot;url&quot;:&quot;https://errors.pydantic.dev/2.12/v/missing&quot;}]}&#10;assert 422 == 200&#10; +  where 422 = &lt;Response [422]&gt;.status_code">backend/tests/test_detailed_recipe_id_fix.py:122: in test_complete_flow_chat_recipe_to_ai_chef
    assert chat_response.status_code == 200, f"AI Chef chat failed: {chat_response.text}"
E   AssertionError: AI Chef chat failed: {"detail":[{"type":"missing","loc":["body","recipe_context"],"msg":"Field required","input":{"recipe_id":"chat-recipe-726243a7","message":"How do I prepare the curry paste?"},"url":"https://errors.pydantic.dev/2.12/v/missing"}]}
E   assert 422 == 200
E    +  where 422 = &lt;Response [422]&gt;.status_code</failure></testcase><testcase classname="backend.tests.test_detailed_recipe_id_fix.TestDetailedRecipeIdFix" name="test_detailed_recipe_without_id_still_works" time="0.107" /><testcase classname="backend.tests.test_detailed_recipe_id_fix.TestDetailedRecipeIdFix" name="test_existing_recipe_in_recipe_library_works" time="0.106" /></testsuite></testsuites>