<?xml version="1.0" encoding="utf-8"?><testsuites name="pytest tests"><testsuite name="pytest" errors="0" failures="0" skipped="0" tests="9" time="25.921" timestamp="2026-02-15T07:20:01.085220+00:00" hostname="agent-env-fbc9db86-3b58-4d46-9374-0af520573eeb"><testcase classname="backend.tests.test_ai_chef.TestAuth" name="test_login_success" time="0.498" /><testcase classname="backend.tests.test_ai_chef.TestAIChefEndpoints" name="test_ai_chef_chat_next_command" time="0.481" /><testcase classname="backend.tests.test_ai_chef.TestAIChefEndpoints" name="test_ai_chef_chat_back_command" time="0.446" /><testcase classname="backend.tests.test_ai_chef.TestAIChefEndpoints" name="test_ai_chef_chat_repeat_command" time="0.441" /><testcase classname="backend.tests.test_ai_chef.TestAIChefEndpoints" name="test_ai_chef_chat_at_last_step" time="0.449" /><testcase classname="backend.tests.test_ai_chef.TestAIChefEndpoints" name="test_ai_chef_chat_at_first_step_back" time="0.465" /><testcase classname="backend.tests.test_ai_chef.TestAIChefEndpoints" name="test_ai_chef_chat_question" time="3.110" /><testcase classname="backend.tests.test_ai_chef.TestAIChefEndpoints" name="test_ai_chef_chat_unauthorized" time="0.720" /><testcase classname="backend.tests.test_ai_chef.TestRecipeGeneration" name="test_generate_recipes_for_mood" time="19.241" /></testsuite></testsuites>