<?xml version="1.0" encoding="utf-8"?><testsuites name="pytest tests"><testsuite name="pytest" errors="0" failures="0" skipped="0" tests="8" time="17.047" timestamp="2026-02-15T09:33:56.232870+00:00" hostname="agent-env-3347ca94-12fe-4d42-b169-7541dd365604"><testcase classname="backend.tests.test_ai_chef_full_flow.TestAIChefFullFlow" name="test_01_login_with_chef_pro" time="0.479" /><testcase classname="backend.tests.test_ai_chef_full_flow.TestAIChefFullFlow" name="test_02_check_recipe_library_has_recipes" time="0.461" /><testcase classname="backend.tests.test_ai_chef_full_flow.TestAIChefFullFlow" name="test_03_ai_chef_recipe_endpoint_valid_id" time="0.398" /><testcase classname="backend.tests.test_ai_chef_full_flow.TestAIChefFullFlow" name="test_04_ai_chef_recipe_endpoint_invalid_id" time="0.388" /><testcase classname="backend.tests.test_ai_chef_full_flow.TestAIChefFullFlow" name="test_05_generate_recipe_via_chat" time="13.916" /><testcase classname="backend.tests.test_ai_chef_full_flow.TestAIChefFullFlow" name="test_06_ai_chef_chat_endpoint" time="0.399" /><testcase classname="backend.tests.test_ai_chef_full_flow.TestRecipeLibraryForAIChef" name="test_01_recipe_library_count" time="0.469" /><testcase classname="backend.tests.test_ai_chef_full_flow.TestRecipeLibraryForAIChef" name="test_02_test_specific_recipe_ids" time="0.472" /></testsuite></testsuites>