<?xml version="1.0" encoding="utf-8"?><testsuites name="pytest tests"><testsuite name="pytest" errors="0" failures="0" skipped="0" tests="10" time="2.755" timestamp="2026-02-14T02:52:33.388205+00:00" hostname="agent-env-ae16b4be-9192-41b2-88b9-99f5e2c6b051"><testcase classname="backend.tests.test_entitlement_guard_hotfix.TestEntitlementGuardHotfix" name="test_01_new_user_gets_free_plan_by_default" time="0.561" /><testcase classname="backend.tests.test_entitlement_guard_hotfix.TestEntitlementGuardHotfix" name="test_02_demo_subscription_marked_with_source_demo" time="0.367" /><testcase classname="backend.tests.test_entitlement_guard_hotfix.TestEntitlementGuardHotfix" name="test_03_entitlement_guard_blocks_demo_subscriptions" time="0.426" /><testcase classname="backend.tests.test_entitlement_guard_hotfix.TestEntitlementGuardHotfix" name="test_04_admin_subscription_integrity_check" time="0.060" /><testcase classname="backend.tests.test_entitlement_guard_hotfix.TestEntitlementGuardHotfix" name="test_05_admin_fix_invalid_subscriptions" time="0.110" /><testcase classname="backend.tests.test_entitlement_guard_hotfix.TestEntitlementGuardHotfix" name="test_06_valid_razorpay_subscription_retained" time="0.058" /><testcase classname="backend.tests.test_entitlement_guard_hotfix.TestEntitlementGuardHotfix" name="test_07_feature_check_respects_entitlement_guard" time="0.529" /><testcase classname="backend.tests.test_entitlement_guard_hotfix.TestEntitlementGuardHotfix" name="test_08_premium_feature_blocked_for_demo_user" time="0.422" /><testcase classname="backend.tests.test_entitlement_guard_hotfix.TestSubscriptionPlansStructure" name="test_subscription_plans_endpoint" time="0.154" /><testcase classname="backend.tests.test_entitlement_guard_hotfix.TestCleanup" name="test_cleanup_test_users" time="0.000" /></testsuite></testsuites>