<?xml version="1.0" encoding="utf-8"?><testsuites name="pytest tests"><testsuite name="pytest" errors="0" failures="1" skipped="0" tests="14" time="141.390" timestamp="2026-01-29T05:01:47.133941+00:00" hostname="agent-env-7f7ea5f8-3905-48a1-b89b-fdaf422428ed"><testcase classname="backend.tests.test_import_recipe.TestImportRecipeAuth" name="test_import_text_requires_auth" time="0.337" /><testcase classname="backend.tests.test_import_recipe.TestImportRecipeAuth" name="test_import_url_requires_auth" time="0.300" /><testcase classname="backend.tests.test_import_recipe.TestImportRecipeAuth" name="test_import_video_requires_auth" time="0.339" /><testcase classname="backend.tests.test_import_recipe.TestImportRecipeAuth" name="test_import_recent_requires_auth" time="0.292" /><testcase classname="backend.tests.test_import_recipe.TestImportFromText" name="test_import_text_success" time="60.364"><failure message="requests.exceptions.ReadTimeout: HTTPSConnectionPool(host='recipe-mood-1.preview.emergentagent.com', port=443): Read timed out. (read timeout=60)">/root/.venv/lib/python3.11/site-packages/urllib3/connectionpool.py:534: in _make_request
    response = conn.getresponse()
               ^^^^^^^^^^^^^^^^^^
/root/.venv/lib/python3.11/site-packages/urllib3/connection.py:571: in getresponse
    httplib_response = super().getresponse()
                       ^^^^^^^^^^^^^^^^^^^^^
/usr/local/lib/python3.11/http/client.py:1395: in getresponse
    response.begin()
/usr/local/lib/python3.11/http/client.py:325: in begin
    version, status, reason = self._read_status()
                              ^^^^^^^^^^^^^^^^^^^
/usr/local/lib/python3.11/http/client.py:286: in _read_status
    line = str(self.fp.readline(_MAXLINE + 1), "iso-8859-1")
               ^^^^^^^^^^^^^^^^^^^^^^^^^^^^^^
/usr/local/lib/python3.11/socket.py:718: in readinto
    return self._sock.recv_into(b)
           ^^^^^^^^^^^^^^^^^^^^^^^
/usr/local/lib/python3.11/ssl.py:1314: in recv_into
    return self.read(nbytes, buffer)
           ^^^^^^^^^^^^^^^^^^^^^^^^^
/usr/local/lib/python3.11/ssl.py:1166: in read
    return self._sslobj.read(len, buffer)
           ^^^^^^^^^^^^^^^^^^^^^^^^^^^^^^
E   TimeoutError: The read operation timed out

The above exception was the direct cause of the following exception:
/root/.venv/lib/python3.11/site-packages/requests/adapters.py:644: in send
    resp = conn.urlopen(
/root/.venv/lib/python3.11/site-packages/urllib3/connectionpool.py:841: in urlopen
    retries = retries.increment(
/root/.venv/lib/python3.11/site-packages/urllib3/util/retry.py:490: in increment
    raise reraise(type(error), error, _stacktrace)
          ^^^^^^^^^^^^^^^^^^^^^^^^^^^^^^^^^^^^^^^^
/root/.venv/lib/python3.11/site-packages/urllib3/util/util.py:39: in reraise
    raise value
/root/.venv/lib/python3.11/site-packages/urllib3/connectionpool.py:787: in urlopen
    response = self._make_request(
/root/.venv/lib/python3.11/site-packages/urllib3/connectionpool.py:536: in _make_request
    self._raise_timeout(err=e, url=url, timeout_value=read_timeout)
/root/.venv/lib/python3.11/site-packages/urllib3/connectionpool.py:367: in _raise_timeout
    raise ReadTimeoutError(
E   urllib3.exceptions.ReadTimeoutError: HTTPSConnectionPool(host='recipe-mood-1.preview.emergentagent.com', port=443): Read timed out. (read timeout=60)

During handling of the above exception, another exception occurred:
backend/tests/test_import_recipe.py:109: in test_import_text_success
    response = requests.post(
/root/.venv/lib/python3.11/site-packages/requests/api.py:115: in post
    return request("post", url, data=data, json=json, **kwargs)
           ^^^^^^^^^^^^^^^^^^^^^^^^^^^^^^^^^^^^^^^^^^^^^^^^^^^^
/root/.venv/lib/python3.11/site-packages/requests/api.py:59: in request
    return session.request(method=method, url=url, **kwargs)
           ^^^^^^^^^^^^^^^^^^^^^^^^^^^^^^^^^^^^^^^^^^^^^^^^^
/root/.venv/lib/python3.11/site-packages/requests/sessions.py:589: in request
    resp = self.send(prep, **send_kwargs)
           ^^^^^^^^^^^^^^^^^^^^^^^^^^^^^^
/root/.venv/lib/python3.11/site-packages/requests/sessions.py:703: in send
    r = adapter.send(request, **kwargs)
        ^^^^^^^^^^^^^^^^^^^^^^^^^^^^^^^
/root/.venv/lib/python3.11/site-packages/requests/adapters.py:690: in send
    raise ReadTimeout(e, request=request)
E   requests.exceptions.ReadTimeout: HTTPSConnectionPool(host='recipe-mood-1.preview.emergentagent.com', port=443): Read timed out. (read timeout=60)</failure></testcase><testcase classname="backend.tests.test_import_recipe.TestImportFromText" name="test_import_text_too_short" time="21.293" /><testcase classname="backend.tests.test_import_recipe.TestImportFromText" name="test_import_text_empty" time="0.301" /><testcase classname="backend.tests.test_import_recipe.TestImportFromURL" name="test_import_url_invalid_format" time="0.301" /><testcase classname="backend.tests.test_import_recipe.TestImportFromURL" name="test_import_url_success" time="19.245" /><testcase classname="backend.tests.test_import_recipe.TestImportFromVideo" name="test_import_video_youtube_url" time="1.656" /><testcase classname="backend.tests.test_import_recipe.TestImportFromVideo" name="test_import_video_youtube_shorts" time="2.463" /><testcase classname="backend.tests.test_import_recipe.TestImportSaveAndRecent" name="test_save_imported_recipe" time="22.320" /><testcase classname="backend.tests.test_import_recipe.TestImportSaveAndRecent" name="test_get_recent_imports" time="0.299" /><testcase classname="backend.tests.test_import_recipe.TestImportRecipeDetailedFormat" name="test_imported_recipe_has_detailed_instructions" time="11.659" /></testsuite></testsuites>