<?xml version="1.0" encoding="utf-8"?><testsuites name="pytest tests"><testsuite name="pytest" errors="0" failures="1" skipped="0" tests="7" time="45.660" timestamp="2026-02-07T05:34:03.662951+00:00" hostname="agent-env-9f2ff5e4-7e98-4b7a-a230-fa7cf6932b12"><testcase classname="tests.test_structured_recipes.TestStructuredRecipes" name="test_recipe_generation_returns_structured_recipes" time="0.309"><failure message="AssertionError: structured_recipes is None&#10;assert None is not None">tests/test_structured_recipes.py:80: in test_recipe_generation_returns_structured_recipes
    assert structured_recipes is not None, "structured_recipes is None"
E   AssertionError: structured_recipes is None
E   assert None is not None</failure></testcase><testcase classname="tests.test_structured_recipes.TestStructuredRecipes" name="test_italian_recipes" time="0.289" /><testcase classname="tests.test_structured_recipes.TestStructuredRecipes" name="test_indian_recipes" time="14.220" /><testcase classname="tests.test_structured_recipes.TestStructuredRecipes" name="test_thai_recipes" time="11.522" /><testcase classname="tests.test_structured_recipes.TestStructuredRecipes" name="test_no_raw_markdown_in_response_text" time="8.545" /><testcase classname="tests.test_structured_recipes.TestStructuredRecipes" name="test_recipe_structure_fields" time="10.703" /><testcase classname="tests.test_structured_recipes.TestHasRecipesFunction" name="test_detect_recipe_patterns" time="0.001" /></testsuite></testsuites>