<?xml version="1.0" encoding="utf-8"?><testsuites name="pytest tests"><testsuite name="pytest" errors="0" failures="0" skipped="0" tests="7" time="112.098" timestamp="2026-02-07T09:23:44.348466+00:00" hostname="agent-env-a06ef1ff-5fd1-4871-bb63-59fce127de97"><testcase classname="backend.tests.test_show_more_recipes.TestShowMoreRecipes" name="test_main_chat_initial_recipe_generation" time="0.329" /><testcase classname="backend.tests.test_show_more_recipes.TestShowMoreRecipes" name="test_main_chat_show_more_with_context" time="7.842" /><testcase classname="backend.tests.test_show_more_recipes.TestShowMoreRecipes" name="test_main_chat_different_show_more_phrases" time="33.942" /><testcase classname="backend.tests.test_show_more_recipes.TestShowMoreRecipes" name="test_diabetes_chat_show_more_request" time="12.131" /><testcase classname="backend.tests.test_show_more_recipes.TestShowMoreRecipes" name="test_diabetes_chat_show_more_different_phrases" time="40.161" /><testcase classname="backend.tests.test_show_more_recipes.TestShowMoreRecipes" name="test_main_chat_recipes_are_different_on_show_more" time="8.518" /><testcase classname="backend.tests.test_show_more_recipes.TestContextExtraction" name="test_context_format_parsing" time="9.124" /></testsuite></testsuites>