<?xml version="1.0" encoding="utf-8"?><testsuites name="pytest tests"><testsuite name="pytest" errors="0" failures="0" skipped="0" tests="9" time="3.241" timestamp="2026-01-27T03:34:48.911341+00:00" hostname="agent-env-2c87ad4e-c6f9-4c66-95be-81b5baf15370"><testcase classname="backend.tests.test_recipe_discovery.TestRecipeDiscoveryAPI" name="test_discover_all_cuisines" time="0.383" /><testcase classname="backend.tests.test_recipe_discovery.TestRecipeDiscoveryAPI" name="test_discover_indian_cuisine_filter" time="0.310" /><testcase classname="backend.tests.test_recipe_discovery.TestRecipeDiscoveryAPI" name="test_discover_chinese_cuisine_filter" time="0.301" /><testcase classname="backend.tests.test_recipe_discovery.TestRecipeDiscoveryAPI" name="test_discover_italian_cuisine_filter" time="0.301" /><testcase classname="backend.tests.test_recipe_discovery.TestRecipeDiscoveryAPI" name="test_recipe_card_structure" time="0.300" /><testcase classname="backend.tests.test_recipe_discovery.TestRecipeDiscoveryAPI" name="test_image_urls_are_clean" time="0.314" /><testcase classname="backend.tests.test_recipe_discovery.TestRecipeDiscoveryAPI" name="test_all_cuisines_available" time="0.634" /><testcase classname="backend.tests.test_recipe_discovery.TestRecipeDiscoveryAPI" name="test_discover_requires_authentication" time="0.299" /><testcase classname="backend.tests.test_recipe_discovery.TestRecipeDiscoveryAPI" name="test_count_parameter" time="0.337" /></testsuite></testsuites>