<?xml version="1.0" encoding="utf-8"?><testsuites name="pytest tests"><testsuite name="pytest" errors="0" failures="0" skipped="0" tests="23" time="2.385" timestamp="2026-02-11T13:32:19.291023+00:00" hostname="agent-env-6c714098-ce36-4be8-b7c0-5892f9d123eb"><testcase classname="backend.tests.test_smart_shopping_flow.TestDeliveryAppsEndpoint" name="test_delivery_apps_requires_auth" time="0.087" /><testcase classname="backend.tests.test_smart_shopping_flow.TestDeliveryAppsEndpoint" name="test_delivery_apps_returns_apps_list" time="0.545" /><testcase classname="backend.tests.test_smart_shopping_flow.TestDeliveryAppsEndpoint" name="test_delivery_apps_returns_country_info" time="0.207" /><testcase classname="backend.tests.test_smart_shopping_flow.TestDeliveryAppsEndpoint" name="test_delivery_apps_structure" time="0.206" /><testcase classname="backend.tests.test_smart_shopping_flow.TestBuildUrlEndpoint" name="test_build_url_requires_auth" time="0.053" /><testcase classname="backend.tests.test_smart_shopping_flow.TestBuildUrlEndpoint" name="test_build_url_success" time="0.162" /><testcase classname="backend.tests.test_smart_shopping_flow.TestBuildUrlEndpoint" name="test_build_url_validates_app_id" time="0.042" /><testcase classname="backend.tests.test_smart_shopping_flow.TestBuildUrlEndpoint" name="test_build_url_requires_ingredients" time="0.037" /><testcase classname="backend.tests.test_smart_shopping_flow.TestBuildUrlEndpoint" name="test_build_url_encodes_ingredients_in_url" time="0.149" /><testcase classname="backend.tests.test_smart_shopping_flow.TestShoppingListAdd" name="test_add_to_list_requires_auth" time="0.043" /><testcase classname="backend.tests.test_smart_shopping_flow.TestShoppingListAdd" name="test_add_ingredients_to_list" time="0.042" /><testcase classname="backend.tests.test_smart_shopping_flow.TestShoppingListAdd" name="test_add_to_list_requires_ingredients" time="0.040" /><testcase classname="backend.tests.test_smart_shopping_flow.TestShoppingListAdd" name="test_add_to_list_with_recipe_info" time="0.037" /><testcase classname="backend.tests.test_smart_shopping_flow.TestShoppingListGet" name="test_get_list_requires_auth" time="0.042" /><testcase classname="backend.tests.test_smart_shopping_flow.TestShoppingListGet" name="test_get_shopping_list" time="0.039" /><testcase classname="backend.tests.test_smart_shopping_flow.TestShoppingListGet" name="test_add_then_get_list_persistence" time="0.076" /><testcase classname="backend.tests.test_smart_shopping_flow.TestSetCountryPreference" name="test_set_country_requires_auth" time="0.041" /><testcase classname="backend.tests.test_smart_shopping_flow.TestSetCountryPreference" name="test_set_valid_country" time="0.040" /><testcase classname="backend.tests.test_smart_shopping_flow.TestSetCountryPreference" name="test_set_invalid_country" time="0.034" /><testcase classname="backend.tests.test_smart_shopping_flow.TestSetCountryPreference" name="test_country_preference_affects_delivery_apps" time="0.108" /><testcase classname="backend.tests.test_smart_shopping_flow.TestRegionalAppConfiguration" name="test_india_apps_available" time="0.076" /><testcase classname="backend.tests.test_smart_shopping_flow.TestRegionalAppConfiguration" name="test_uk_apps_available" time="0.116" /><testcase classname="backend.tests.test_smart_shopping_flow.TestEdgeCases" name="test_duplicate_ingredients_not_added" time="0.080" /></testsuite></testsuites>