<?xml version="1.0" encoding="utf-8"?><testsuites name="pytest tests"><testsuite name="pytest" errors="0" failures="0" skipped="0" tests="45" time="2.985" timestamp="2026-01-29T14:37:59.058746+00:00" hostname="agent-env-a799dd45-a6ab-4575-8a7f-594f9c318b37"><testcase classname="tests.test_refactored_api.TestHealthCheck" name="test_health_check_returns_200" time="0.079" /><testcase classname="tests.test_refactored_api.TestVoiceLanguages" name="test_voice_languages_returns_200" time="0.083" /><testcase classname="tests.test_refactored_api.TestAuthRoutes" name="test_register_new_user" time="0.313" /><testcase classname="tests.test_refactored_api.TestAuthRoutes" name="test_register_duplicate_email_fails" time="0.042" /><testcase classname="tests.test_refactored_api.TestAuthRoutes" name="test_login_valid_credentials" time="0.318" /><testcase classname="tests.test_refactored_api.TestAuthRoutes" name="test_login_invalid_credentials" time="0.266" /><testcase classname="tests.test_refactored_api.TestAuthRoutes" name="test_get_current_user" time="0.044" /><testcase classname="tests.test_refactored_api.TestAuthRoutes" name="test_get_me_without_token_fails" time="0.036" /><testcase classname="tests.test_refactored_api.TestPhoneOTPRoutes" name="test_send_otp_valid_phone" time="0.230" /><testcase classname="tests.test_refactored_api.TestPhoneOTPRoutes" name="test_send_otp_invalid_phone_format" time="0.037" /><testcase classname="tests.test_refactored_api.TestPhoneOTPRoutes" name="test_verify_otp_no_otp_sent" time="0.035" /><testcase classname="tests.test_refactored_api.TestExclusionsRoutes" name="test_get_exclusions_empty" time="0.046" /><testcase classname="tests.test_refactored_api.TestExclusionsRoutes" name="test_create_exclusions" time="0.037" /><testcase classname="tests.test_refactored_api.TestExclusionsRoutes" name="test_get_exclusions_after_create" time="0.041" /><testcase classname="tests.test_refactored_api.TestExclusionsRoutes" name="test_update_exclusions_add" time="0.041" /><testcase classname="tests.test_refactored_api.TestExclusionsRoutes" name="test_delete_exclusion" time="0.040" /><testcase classname="tests.test_refactored_api.TestExclusionsRoutes" name="test_exclusions_without_auth_fails" time="0.036" /><testcase classname="tests.test_refactored_api.TestChatRoutes" name="test_send_chat_message" time="0.043" /><testcase classname="tests.test_refactored_api.TestChatRoutes" name="test_get_chat_history" time="0.040" /><testcase classname="tests.test_refactored_api.TestChatRoutes" name="test_chat_without_auth_fails" time="0.037" /><testcase classname="tests.test_refactored_api.TestRecipesRoutes" name="test_save_recipe" time="0.041" /><testcase classname="tests.test_refactored_api.TestRecipesRoutes" name="test_get_saved_recipes" time="0.036" /><testcase classname="tests.test_refactored_api.TestRecipesRoutes" name="test_recipes_without_auth_fails" time="0.033" /><testcase classname="tests.test_refactored_api.TestShoppingListRoutes" name="test_get_shopping_list" time="0.037" /><testcase classname="tests.test_refactored_api.TestShoppingListRoutes" name="test_create_shopping_list" time="0.043" /><testcase classname="tests.test_refactored_api.TestShoppingListRoutes" name="test_shopping_list_without_auth_fails" time="0.077" /><testcase classname="tests.test_refactored_api.TestWeeklyPlanRoutes" name="test_get_weekly_plan" time="0.035" /><testcase classname="tests.test_refactored_api.TestWeeklyPlanRoutes" name="test_weekly_plan_without_auth_fails" time="0.034" /><testcase classname="tests.test_refactored_api.TestMealPreferencesRoutes" name="test_save_meal_preferences" time="0.037" /><testcase classname="tests.test_refactored_api.TestMealPreferencesRoutes" name="test_get_meal_preferences" time="0.037" /><testcase classname="tests.test_refactored_api.TestMealPreferencesRoutes" name="test_meal_preferences_without_auth_fails" time="0.075" /><testcase classname="tests.test_refactored_api.TestDiabetesRoutes" name="test_diabetes_research" time="0.036" /><testcase classname="tests.test_refactored_api.TestDiabetesRoutes" name="test_diabetes_research_type1" time="0.036" /><testcase classname="tests.test_refactored_api.TestDiabetesRoutes" name="test_diabetes_without_auth_fails" time="0.036" /><testcase classname="tests.test_refactored_api.TestVoiceRoutes" name="test_voice_languages_public" time="0.078" /><testcase classname="tests.test_refactored_api.TestVoiceRoutes" name="test_voice_mood_info" time="0.037" /><testcase classname="tests.test_refactored_api.TestAuthorizationConsistency" name="test_protected_endpoint_requires_auth[/api/auth/me-GET]" time="0.038" /><testcase classname="tests.test_refactored_api.TestAuthorizationConsistency" name="test_protected_endpoint_requires_auth[/api/exclusions-GET]" time="0.033" /><testcase classname="tests.test_refactored_api.TestAuthorizationConsistency" name="test_protected_endpoint_requires_auth[/api/chat/send-POST]" time="0.040" /><testcase classname="tests.test_refactored_api.TestAuthorizationConsistency" name="test_protected_endpoint_requires_auth[/api/recipes/saved-GET]" time="0.031" /><testcase classname="tests.test_refactored_api.TestAuthorizationConsistency" name="test_protected_endpoint_requires_auth[/api/shopping-list-GET]" time="0.035" /><testcase classname="tests.test_refactored_api.TestAuthorizationConsistency" name="test_protected_endpoint_requires_auth[/api/weekly-plan-GET]" time="0.035" /><testcase classname="tests.test_refactored_api.TestAuthorizationConsistency" name="test_protected_endpoint_requires_auth[/api/meal-preferences-GET]" time="0.035" /><testcase classname="tests.test_refactored_api.TestAuthorizationConsistency" name="test_protected_endpoint_requires_auth[/api/diabetes/research-POST]" time="0.035" /><testcase classname="tests.test_refactored_api.TestAuthorizationConsistency" name="test_protected_endpoint_requires_auth[/api/voice/mood-info-GET]" time="0.032" /></testsuite></testsuites>