<?xml version="1.0" encoding="utf-8"?><testsuites name="pytest tests"><testsuite name="pytest" errors="0" failures="1" skipped="0" tests="13" time="45.217" timestamp="2026-02-04T14:58:41.398796+00:00" hostname="agent-env-7d8d57c0-8c30-4ee0-b4eb-841a1b2923ce"><testcase classname="backend.tests.test_google_images_integration.TestFastImageEndpoint" name="test_fast_image_post_returns_google_images" time="0.197" /><testcase classname="backend.tests.test_google_images_integration.TestFastImageEndpoint" name="test_fast_image_get_endpoint" time="2.469" /><testcase classname="backend.tests.test_google_images_integration.TestFastImageEndpoint" name="test_fast_image_with_japanese_cuisine" time="0.122" /><testcase classname="backend.tests.test_google_images_integration.TestFastImageEndpoint" name="test_fast_image_with_mexican_cuisine" time="2.985" /><testcase classname="backend.tests.test_google_images_integration.TestFastImageEndpoint" name="test_fast_image_response_time_under_2_seconds" time="2.759"><failure message="AssertionError: Response took 2.76s, expected &lt;2s&#10;assert 2.758366346359253 &lt; 2.0">backend/tests/test_google_images_integration.py:93: in test_fast_image_response_time_under_2_seconds
    assert duration &lt; 2.0, f"Response took {duration:.2f}s, expected &lt;2s"
E   AssertionError: Response took 2.76s, expected &lt;2s
E   assert 2.758366346359253 &lt; 2.0</failure></testcase><testcase classname="backend.tests.test_google_images_integration.TestFastImageEndpoint" name="test_fast_image_without_cuisine" time="2.818" /><testcase classname="backend.tests.test_google_images_integration.TestFastImageFallback" name="test_no_image_found_returns_none_when_fallback_disabled" time="1.879" /><testcase classname="backend.tests.test_google_images_integration.TestImageAlternatives" name="test_alternatives_contain_required_fields" time="10.023" /><testcase classname="backend.tests.test_google_images_integration.TestImageAlternatives" name="test_alternatives_from_quality_sources" time="1.268" /><testcase classname="backend.tests.test_google_images_integration.TestImageServiceStatus" name="test_image_service_status" time="0.034" /><testcase classname="backend.tests.test_google_images_integration.TestAIImageGeneration" name="test_ai_generation_endpoint_exists" time="16.629" /><testcase classname="backend.tests.test_google_images_integration.TestSerpAPIFoodImages" name="test_filters_watermarked_images" time="1.400" /><testcase classname="backend.tests.test_google_images_integration.TestSerpAPIFoodImages" name="test_prioritizes_food_sources" time="2.500" /></testsuite></testsuites>