<?xml version="1.0" encoding="utf-8"?><testsuites name="pytest tests"><testsuite name="pytest" errors="0" failures="4" skipped="0" tests="45" time="3.300" timestamp="2026-01-29T14:37:00.267727+00:00" hostname="agent-env-a799dd45-a6ab-4575-8a7f-594f9c318b37"><testcase classname="tests.test_refactored_api.TestHealthCheck" name="test_health_check_returns_200" time="0.109" /><testcase classname="tests.test_refactored_api.TestVoiceLanguages" name="test_voice_languages_returns_200" time="0.060" /><testcase classname="tests.test_refactored_api.TestAuthRoutes" name="test_register_new_user" time="0.322" /><testcase classname="tests.test_refactored_api.TestAuthRoutes" name="test_register_duplicate_email_fails" time="0.044" /><testcase classname="tests.test_refactored_api.TestAuthRoutes" name="test_login_valid_credentials" time="0.262" /><testcase classname="tests.test_refactored_api.TestAuthRoutes" name="test_login_invalid_credentials" time="0.308" /><testcase classname="tests.test_refactored_api.TestAuthRoutes" name="test_get_current_user" time="0.040" /><testcase classname="tests.test_refactored_api.TestAuthRoutes" name="test_get_me_without_token_fails" time="0.035" /><testcase classname="tests.test_refactored_api.TestPhoneOTPRoutes" name="test_send_otp_valid_phone" time="0.370" /><testcase classname="tests.test_refactored_api.TestPhoneOTPRoutes" name="test_send_otp_invalid_phone_format" time="0.049" /><testcase classname="tests.test_refactored_api.TestPhoneOTPRoutes" name="test_verify_otp_no_otp_sent" time="0.045" /><testcase classname="tests.test_refactored_api.TestExclusionsRoutes" name="test_get_exclusions_empty" time="0.044" /><testcase classname="tests.test_refactored_api.TestExclusionsRoutes" name="test_create_exclusions" time="0.043" /><testcase classname="tests.test_refactored_api.TestExclusionsRoutes" name="test_get_exclusions_after_create" time="0.083" /><testcase classname="tests.test_refactored_api.TestExclusionsRoutes" name="test_update_exclusions_add" time="0.047" /><testcase classname="tests.test_refactored_api.TestExclusionsRoutes" name="test_delete_exclusion" time="0.044" /><testcase classname="tests.test_refactored_api.TestExclusionsRoutes" name="test_exclusions_without_auth_fails" time="0.036" /><testcase classname="tests.test_refactored_api.TestChatRoutes" name="test_send_chat_message" time="0.058" /><testcase classname="tests.test_refactored_api.TestChatRoutes" name="test_get_chat_history" time="0.042" /><testcase classname="tests.test_refactored_api.TestChatRoutes" name="test_chat_without_auth_fails" time="0.032" /><testcase classname="tests.test_refactored_api.TestRecipesRoutes" name="test_save_recipe" time="0.073"><failure message="assert 422 == 200&#10; +  where 422 = &lt;Response [422]&gt;.status_code">tests/test_refactored_api.py:300: in test_save_recipe
    assert response.status_code == 200
E   assert 422 == 200
E    +  where 422 = &lt;Response [422]&gt;.status_code</failure></testcase><testcase classname="tests.test_refactored_api.TestRecipesRoutes" name="test_get_saved_recipes" time="0.056"><failure message="assert 0 &gt;= 1&#10; +  where 0 = len([])">tests/test_refactored_api.py:314: in test_get_saved_recipes
    assert len(data["recipes"]) &gt;= 1
E   assert 0 &gt;= 1
E    +  where 0 = len([])</failure></testcase><testcase classname="tests.test_refactored_api.TestRecipesRoutes" name="test_recipes_without_auth_fails" time="0.039" /><testcase classname="tests.test_refactored_api.TestShoppingListRoutes" name="test_get_shopping_list" time="0.042" /><testcase classname="tests.test_refactored_api.TestShoppingListRoutes" name="test_add_shopping_item" time="0.031"><failure message="assert 404 in [200, 201]&#10; +  where 404 = &lt;Response [404]&gt;.status_code">tests/test_refactored_api.py:347: in test_add_shopping_item
    assert response.status_code in [200, 201]
E   assert 404 in [200, 201]
E    +  where 404 = &lt;Response [404]&gt;.status_code</failure></testcase><testcase classname="tests.test_refactored_api.TestShoppingListRoutes" name="test_shopping_list_without_auth_fails" time="0.036" /><testcase classname="tests.test_refactored_api.TestWeeklyPlanRoutes" name="test_get_weekly_plan" time="0.043" /><testcase classname="tests.test_refactored_api.TestWeeklyPlanRoutes" name="test_weekly_plan_without_auth_fails" time="0.038" /><testcase classname="tests.test_refactored_api.TestMealPreferencesRoutes" name="test_save_meal_preferences" time="0.042" /><testcase classname="tests.test_refactored_api.TestMealPreferencesRoutes" name="test_get_meal_preferences" time="0.040" /><testcase classname="tests.test_refactored_api.TestMealPreferencesRoutes" name="test_meal_preferences_without_auth_fails" time="0.034" /><testcase classname="tests.test_refactored_api.TestDiabetesRoutes" name="test_diabetes_research" time="0.033" /><testcase classname="tests.test_refactored_api.TestDiabetesRoutes" name="test_diabetes_research_type1" time="0.038" /><testcase classname="tests.test_refactored_api.TestDiabetesRoutes" name="test_diabetes_without_auth_fails" time="0.081" /><testcase classname="tests.test_refactored_api.TestVoiceRoutes" name="test_voice_languages_public" time="0.043"><failure message="AssertionError: assert 'en' in {'arabic': {'code': 'ar', 'flag': '#x1F1F8#x1F1E6', 'name': 'Arabic'}, 'english': {'code': 'en', 'flag': '#x1F1FA#x1F1F8', 'name': 'English'}, 'french': {'code': 'fr', 'flag': '#x1F1EB#x1F1F7', 'name': 'French'}, 'hindi': {'code': 'hi', 'flag': '#x1F1EE#x1F1F3', 'name': 'Hindi'}, ...}">tests/test_refactored_api.py:469: in test_voice_languages_public
    assert "en" in data["languages"]
E   AssertionError: assert 'en' in {'arabic': {'code': 'ar', 'flag': '#x1F1F8#x1F1E6', 'name': 'Arabic'}, 'english': {'code': 'en', 'flag': '#x1F1FA#x1F1F8', 'name': 'English'}, 'french': {'code': 'fr', 'flag': '#x1F1EB#x1F1F7', 'name': 'French'}, 'hindi': {'code': 'hi', 'flag': '#x1F1EE#x1F1F3', 'name': 'Hindi'}, ...}</failure></testcase><testcase classname="tests.test_refactored_api.TestVoiceRoutes" name="test_voice_mood_info" time="0.038" /><testcase classname="tests.test_refactored_api.TestAuthorizationConsistency" name="test_protected_endpoint_requires_auth[/api/auth/me-GET]" time="0.031" /><testcase classname="tests.test_refactored_api.TestAuthorizationConsistency" name="test_protected_endpoint_requires_auth[/api/exclusions-GET]" time="0.044" /><testcase classname="tests.test_refactored_api.TestAuthorizationConsistency" name="test_protected_endpoint_requires_auth[/api/chat/send-POST]" time="0.032" /><testcase classname="tests.test_refactored_api.TestAuthorizationConsistency" name="test_protected_endpoint_requires_auth[/api/recipes/saved-GET]" time="0.037" /><testcase classname="tests.test_refactored_api.TestAuthorizationConsistency" name="test_protected_endpoint_requires_auth[/api/shopping-list-GET]" time="0.036" /><testcase classname="tests.test_refactored_api.TestAuthorizationConsistency" name="test_protected_endpoint_requires_auth[/api/weekly-plan-GET]" time="0.031" /><testcase classname="tests.test_refactored_api.TestAuthorizationConsistency" name="test_protected_endpoint_requires_auth[/api/meal-preferences-GET]" time="0.043" /><testcase classname="tests.test_refactored_api.TestAuthorizationConsistency" name="test_protected_endpoint_requires_auth[/api/diabetes/research-POST]" time="0.076" /><testcase classname="tests.test_refactored_api.TestAuthorizationConsistency" name="test_protected_endpoint_requires_auth[/api/voice/mood-info-GET]" time="0.039" /></testsuite></testsuites>